Log file open, 05/17/19 13:34:16
LogWindows: Failed to load 'aqProf.dll' (GetLastError=126)
LogWindows: File 'aqProf.dll' does not exist
LogWindows: Failed to load 'VtuneApi.dll' (GetLastError=126)
LogWindows: File 'VtuneApi.dll' does not exist
LogWindows: Failed to load 'VtuneApi32e.dll' (GetLastError=126)
LogWindows: File 'VtuneApi32e.dll' does not exist
LogConsoleResponse: Display: Failed to find resolution value strings in scalability ini. Falling back to default.
LogInit: Display: Running engine for game: VrHGame
LogPakFile: Registered encryption key '00000000000000000000000000000000': 0 pak files mounted, 0 remain pending
LogPlatformFile: Not using cached read wrapper
LogTaskGraph: Started task graph with 5 named threads and 23 total threads with 3 sets of task threads.
LogStats: Stats thread started at 1.008052
LogD3D11RHI: Loaded GFSDK_Aftermath_Lib.x64.dll
LogICUInternationalization: ICU TimeZone Detection - Raw Offset: +0:00, Platform Override: ''
LogPluginManager: Mounting plugin Paper2D
LogPluginManager: Mounting plugin AISupport
LogPluginManager: Mounting plugin LightPropagationVolume
LogPluginManager: Mounting plugin ActorLayerUtilities
LogPluginManager: Mounting plugin CLionSourceCodeAccess
LogPluginManager: Mounting plugin CodeLiteSourceCodeAccess
LogPluginManager: Mounting plugin GitSourceControl
LogPluginManager: Mounting plugin KDevelopSourceCodeAccess
LogPluginManager: Mounting plugin NullSourceCodeAccess
LogPluginManager: Mounting plugin PerforceSourceControl
LogPluginManager: Mounting plugin SubversionSourceControl
LogPluginManager: Mounting plugin UObjectPlugin
LogPluginManager: Mounting plugin VisualStudioCodeSourceCodeAccess
LogPluginManager: Mounting plugin VisualStudioSourceCodeAccess
LogPluginManager: Mounting plugin XCodeSourceCodeAccess
LogPluginManager: Mounting plugin AssetManagerEditor
LogPluginManager: Mounting plugin CryptoKeys
LogPluginManager: Mounting plugin DataValidation
LogPluginManager: Mounting plugin FacialAnimation
LogPluginManager: Mounting plugin GameplayTagsEditor
LogPluginManager: Mounting plugin MacGraphicsSwitching
LogPluginManager: Mounting plugin MeshEditor
LogPluginManager: Mounting plugin MobileLauncherProfileWizard
LogPluginManager: Mounting plugin PluginBrowser
LogPluginManager: Mounting plugin SpeedTreeImporter
LogPluginManager: Mounting plugin DatasmithContent
LogPluginManager: Mounting plugin VariantManagerContent
LogPluginManager: Mounting plugin AlembicImporter
LogPluginManager: Mounting plugin AppleImageUtils
LogPluginManager: Mounting plugin AppleVision
LogPluginManager: Mounting plugin BackChannel
LogPluginManager: Mounting plugin CharacterAI
LogPluginManager: Mounting plugin GeometryCache
LogPluginManager: Mounting plugin HTML5Networking
LogPluginManager: Mounting plugin ProxyLODPlugin
LogPluginManager: Mounting plugin MagicLeap
LogPluginManager: Mounting plugin MagicLeapMedia
LogPluginManager: Mounting plugin AndroidMedia
LogPluginManager: Mounting plugin AvfMedia
LogPluginManager: Mounting plugin ImgMedia
LogPluginManager: Mounting plugin LinearTimecode
LogPluginManager: Mounting plugin MediaCompositing
LogPluginManager: Mounting plugin MediaPlayerEditor
LogPluginManager: Mounting plugin WebMMedia
LogPluginManager: Mounting plugin WmfMedia
LogPluginManager: Mounting plugin TcpMessaging
LogPluginManager: Mounting plugin UdpMessaging
LogPluginManager: Mounting plugin ActorSequence
LogPluginManager: Mounting plugin LevelSequenceEditor
LogPluginManager: Mounting plugin MatineeToLevelSequence
LogPluginManager: Mounting plugin NetcodeUnitTest
LogPluginManager: Mounting plugin NUTUnrealEngine4
LogPluginManager: Mounting plugin OnlineSubsystemGooglePlay
LogPluginManager: Mounting plugin OnlineSubsystemIOS
LogPluginManager: Mounting plugin OnlineSubsystem
LogPluginManager: Mounting plugin OnlineSubsystemNull
LogPluginManager: Mounting plugin OnlineSubsystemUtils
LogPluginManager: Mounting plugin LauncherChunkInstaller
LogPluginManager: Mounting plugin AndroidDeviceProfileSelector
LogPluginManager: Mounting plugin AndroidMoviePlayer
LogPluginManager: Mounting plugin AndroidPermission
LogPluginManager: Mounting plugin AppleMoviePlayer
LogPluginManager: Mounting plugin ArchVisCharacter
LogPluginManager: Mounting plugin AudioCapture
LogPluginManager: Mounting plugin CableComponent
LogPluginManager: Mounting plugin CustomMeshComponent
LogPluginManager: Mounting plugin EditableMesh
LogPluginManager: Mounting plugin ExampleDeviceProfileSelector
LogPluginManager: Mounting plugin Firebase
LogPluginManager: Mounting plugin GoogleCloudMessaging
LogPluginManager: Mounting plugin IOSDeviceProfileSelector
LogPluginManager: Mounting plugin LinuxDeviceProfileSelector
LogPluginManager: Mounting plugin LocationServicesBPLibrary
LogPluginManager: Mounting plugin MobilePatchingUtils
LogPluginManager: Mounting plugin OculusVR
LogPluginManager: Mounting plugin PhysXVehicles
LogPluginManager: Mounting plugin ProceduralMeshComponent
LogPluginManager: Mounting plugin RuntimePhysXCooking
LogPluginManager: Mounting plugin SteamVR
LogPluginManager: Mounting plugin WebMMoviePlayer
LogPluginManager: Mounting plugin WindowsMoviePlayer
LogStreaming: Display: Took  0.128s to configure plugins.
LogInit: Using libcurl 7.55.1-DEV
LogInit:  - built for x86_64-pc-win32
LogInit:  - supports SSL with OpenSSL/1.0.2h
LogInit:  - supports HTTP deflate (compression) using libz 1.2.8
LogInit:  - other features:
LogInit:      CURL_VERSION_SSL
LogInit:      CURL_VERSION_LIBZ
LogInit:      CURL_VERSION_IPV6
LogInit:      CURL_VERSION_ASYNCHDNS
LogInit:      CURL_VERSION_LARGEFILE
LogInit:      CURL_VERSION_IDN
LogInit:  CurlRequestOptions (configurable via config and command line):
LogInit:  - bVerifyPeer = true  - Libcurl will verify peer certificate
LogInit:  - bUseHttpProxy = false  - Libcurl will NOT use HTTP proxy
LogInit:  - bDontReuseConnections = false  - Libcurl will reuse connections
LogInit:  - MaxHostConnections = 16  - Libcurl will limit the number of connections to a host
LogInit:  - LocalHostAddr = Default
LogInit:  - BufferSize = 65536
LogInit: WinSock: version 1.1 (2.2), MaxSocks=32767, MaxUdp=65467
LogHMD: Failed initializing OVRPlugin 1.28.0
LogInit: Build: ++UE4+Release-4.21-CL-4753647
LogInit: Engine Version: 4.21.2-4753647+++UE4+Release-4.21
LogInit: Compatible Engine Version: 4.21.0-4541578+++UE4+Release-4.21
LogInit: Net CL: 4541578
LogInit: OS: Windows 10 (), CPU: AMD FX(tm)-8350 Eight-Core Processor           , GPU: NVIDIA GeForce GTX 970
LogInit: Compiled (64-bit): Jan 19 2019 02:07:31
LogInit: Compiled with Visual C++: 19.13.26129.00
LogInit: Build Configuration: Development
LogInit: Branch Name: ++UE4+Release-4.21
LogInit: Command Line: 
LogInit: Base Directory: G:/Epic Games/UE_4.21/Engine/Binaries/Win64/
LogInit: Installed Engine Build: 1
LogDevObjectVersion: Number of dev versions registered: 22
LogDevObjectVersion:   Dev-Blueprints (B0D832E4-1F89-4F0D-ACCF-7EB736FD4AA2): 10
LogDevObjectVersion:   Dev-Build (E1C64328-A22C-4D53-A36C-8E866417BD8C): 0
LogDevObjectVersion:   Dev-Core (375EC13C-06E4-48FB-B500-84F0262A717E): 2
LogDevObjectVersion:   Dev-Editor (E4B068ED-F494-42E9-A231-DA0B2E46BB41): 26
LogDevObjectVersion:   Dev-Framework (CFFC743F-43B0-4480-9391-14DF171D2073): 34
LogDevObjectVersion:   Dev-Mobile (B02B49B5-BB20-44E9-A304-32B752E40360): 2
LogDevObjectVersion:   Dev-Networking (A4E4105C-59A1-49B5-A7C5-40C4547EDFEE): 0
LogDevObjectVersion:   Dev-Online (39C831C9-5AE6-47DC-9A44-9C173E1C8E7C): 0
LogDevObjectVersion:   Dev-Physics (78F01B33-EBEA-4F98-B9B4-84EACCB95AA2): 0
LogDevObjectVersion:   Dev-Platform (6631380F-2D4D-43E0-8009-CF276956A95A): 0
LogDevObjectVersion:   Dev-Rendering (12F88B9F-8875-4AFC-A67C-D90C383ABD29): 27
LogDevObjectVersion:   Dev-Sequencer (7B5AE74C-D270-4C10-A958-57980B212A5A): 9
LogDevObjectVersion:   Dev-VR (D7296918-1DD6-4BDD-9DE2-64A83CC13884): 2
LogDevObjectVersion:   Dev-LoadTimes (C2A15278-BFE7-4AFE-6C17-90FF531DF755): 1
LogDevObjectVersion:   Private-Geometry (6EACA3D4-40EC-4CC1-B786-8BED09428FC5): 3
LogDevObjectVersion:   Dev-AnimPhys (29E575DD-E0A3-4627-9D10-D276232CDCEA): 17
LogDevObjectVersion:   Dev-Anim (AF43A65D-7FD3-4947-9873-3E8ED9C1BB05): 2
LogDevObjectVersion:   Dev-ReflectionCapture (6B266CEC-1EC7-4B8F-A30B-E4D90942FC07): 1
LogDevObjectVersion:   Dev-Automation (0DF73D61-A23F-47EA-B727-89E90C41499A): 1
LogDevObjectVersion:   FortniteMain (601D1886-AC64-4F84-AA16-D3DE0DEAC7D6): 17
LogDevObjectVersion:   Dev-Enterprise (9DFFBCD6-494F-0158-E221-12823C92A888): 4
LogDevObjectVersion:   Dev-Niagara (F2AED0AC-9AFE-416F-8664-AA7FFA26D6FC): 1
LogStreaming: Display: Took  0.001s to delete old logs.
LogInit: Presizing for max 8388607 objects, including 0 objects not considered by GC, pre-allocating 0 bytes for permanent pool.
LogInit: Object subsystem initialized
LogConfig: Setting CVar [[con.DebugEarlyDefault:1]]
LogConfig: Setting CVar [[r.setres:1280x720]]
[2019.05.17-12.34.18:899][  0]LogConfig: Setting CVar [[r.VSync:0]]
[2019.05.17-12.34.18:899][  0]LogConfig: Setting CVar [[r.RHICmdBypass:0]]
[2019.05.17-12.34.18:901][  0]LogConfig: Applying CVar settings from Section [/Script/Engine.RendererSettings] File [G:/Github/VrHGame/Saved/Config/Windows/Engine.ini]
[2019.05.17-12.34.18:901][  0]LogConfig: Setting CVar [[r.GPUCrashDebugging:0]]
[2019.05.17-12.34.18:901][  0]LogConfig: Setting CVar [[r.DefaultFeature.AmbientOcclusion:0]]
[2019.05.17-12.34.18:901][  0]LogConfig: Setting CVar [[r.DefaultFeature.AmbientOcclusionStaticFraction:0]]
[2019.05.17-12.34.18:901][  0]LogConfig: Setting CVar [[vr.InstancedStereo:1]]
[2019.05.17-12.34.18:901][  0]LogConfig: Setting CVar [[r.SeparateTranslucency:0]]
[2019.05.17-12.34.18:901][  0]LogConfig: Setting CVar [[r.HZBOcclusion:0]]
[2019.05.17-12.34.18:901][  0]LogConfig: Setting CVar [[r.SSR.MaxRoughness:0]]
[2019.05.17-12.34.18:901][  0]LogConfig: Setting CVar [[r.rhicmdbypass:0]]
[2019.05.17-12.34.18:901][  0]LogConfig: Applying CVar settings from Section [/Script/Engine.RendererOverrideSettings] File [G:/Github/VrHGame/Saved/Config/Windows/Engine.ini]
[2019.05.17-12.34.18:901][  0]LogConfig: Applying CVar settings from Section [/Script/Engine.StreamingSettings] File [G:/Github/VrHGame/Saved/Config/Windows/Engine.ini]
[2019.05.17-12.34.18:901][  0]LogConfig: Setting CVar [[s.MinBulkDataSizeForAsyncLoading:131072]]
[2019.05.17-12.34.18:901][  0]LogConfig: Setting CVar [[s.AsyncLoadingThreadEnabled:0]]
[2019.05.17-12.34.18:901][  0]LogConfig: Setting CVar [[s.EventDrivenLoaderEnabled:1]]
[2019.05.17-12.34.18:901][  0]LogConfig: Setting CVar [[s.WarnIfTimeLimitExceeded:0]]
[2019.05.17-12.34.18:901][  0]LogConfig: Setting CVar [[s.TimeLimitExceededMultiplier:1.5]]
[2019.05.17-12.34.18:901][  0]LogConfig: Setting CVar [[s.TimeLimitExceededMinTime:0.005]]
[2019.05.17-12.34.18:901][  0]LogConfig: Setting CVar [[s.UseBackgroundLevelStreaming:1]]
[2019.05.17-12.34.18:901][  0]LogConfig: Setting CVar [[s.PriorityAsyncLoadingExtraTime:15.0]]
[2019.05.17-12.34.18:901][  0]LogConfig: Setting CVar [[s.LevelStreamingActorsUpdateTimeLimit:5.0]]
[2019.05.17-12.34.18:901][  0]LogConfig: Setting CVar [[s.PriorityLevelStreamingActorsUpdateExtraTime:5.0]]
[2019.05.17-12.34.18:901][  0]LogConfig: Setting CVar [[s.LevelStreamingComponentsRegistrationGranularity:10]]
[2019.05.17-12.34.18:901][  0]LogConfig: Setting CVar [[s.UnregisterComponentsTimeLimit:1.0]]
[2019.05.17-12.34.18:901][  0]LogConfig: Setting CVar [[s.LevelStreamingComponentsUnregistrationGranularity:5]]
[2019.05.17-12.34.18:901][  0]LogConfig: Applying CVar settings from Section [/Script/Engine.GarbageCollectionSettings] File [G:/Github/VrHGame/Saved/Config/Windows/Engine.ini]
[2019.05.17-12.34.18:901][  0]LogConfig: Setting CVar [[gc.MaxObjectsNotConsideredByGC:1]]
[2019.05.17-12.34.18:901][  0]LogConfig: Setting CVar [[gc.SizeOfPermanentObjectPool:0]]
[2019.05.17-12.34.18:901][  0]LogConfig: Setting CVar [[gc.FlushStreamingOnGC:0]]
[2019.05.17-12.34.18:901][  0]LogConfig: Setting CVar [[gc.NumRetriesBeforeForcingGC:10]]
[2019.05.17-12.34.18:901][  0]LogConfig: Setting CVar [[gc.AllowParallelGC:1]]
[2019.05.17-12.34.18:901][  0]LogConfig: Setting CVar [[gc.TimeBetweenPurgingPendingKillObjects:61.1]]
[2019.05.17-12.34.18:901][  0]LogConfig: Setting CVar [[gc.MaxObjectsInEditor:8388607]]
[2019.05.17-12.34.18:901][  0]LogConfig: Setting CVar [[gc.IncrementalBeginDestroyEnabled:1]]
[2019.05.17-12.34.18:901][  0]LogConfig: Setting CVar [[gc.CreateGCClusters:1]]
[2019.05.17-12.34.18:901][  0]LogConfig: Setting CVar [[gc.MergeGCClusters:0]]
[2019.05.17-12.34.18:901][  0]LogConfig: Setting CVar [[gc.MinGCClusterSize:5]]
[2019.05.17-12.34.18:901][  0]LogConfig: Setting CVar [[gc.ActorClusteringEnabled:0]]
[2019.05.17-12.34.18:901][  0]LogConfig: Setting CVar [[gc.BlueprintClusteringEnabled:0]]
[2019.05.17-12.34.18:901][  0]LogConfig: Setting CVar [[gc.UseDisregardForGCOnDedicatedServers:0]]
[2019.05.17-12.34.18:901][  0]LogConfig: Applying CVar settings from Section [/Script/Engine.NetworkSettings] File [G:/Github/VrHGame/Saved/Config/Windows/Engine.ini]
[2019.05.17-12.34.18:901][  0]LogConfig: Applying CVar settings from Section [/Script/UnrealEd.CookerSettings] File [G:/Github/VrHGame/Saved/Config/Windows/Engine.ini]
[2019.05.17-12.34.18:953][  0]LogConfig: Applying CVar settings from Section [ViewDistanceQuality@3] File [G:/Github/VrHGame/Saved/Config/Windows/Scalability.ini]
[2019.05.17-12.34.18:953][  0]LogConfig: Setting CVar [[r.SkeletalMeshLODBias:0]]
[2019.05.17-12.34.18:953][  0]LogConfig: Setting CVar [[r.ViewDistanceScale:1.0]]
[2019.05.17-12.34.18:953][  0]LogConfig: Applying CVar settings from Section [AntiAliasingQuality@3] File [G:/Github/VrHGame/Saved/Config/Windows/Scalability.ini]
[2019.05.17-12.34.18:954][  0]LogConfig: Setting CVar [[r.PostProcessAAQuality:3]]
[2019.05.17-12.34.18:954][  0]LogConfig: Applying CVar settings from Section [ShadowQuality@3] File [G:/Github/VrHGame/Saved/Config/Windows/Scalability.ini]
[2019.05.17-12.34.18:954][  0]LogConfig: Setting CVar [[r.LightFunctionQuality:1]]
[2019.05.17-12.34.18:954][  0]LogConfig: Setting CVar [[r.ShadowQuality:5]]
[2019.05.17-12.34.18:954][  0]LogConfig: Setting CVar [[r.Shadow.CSM.MaxCascades:10]]
[2019.05.17-12.34.18:954][  0]LogConfig: Setting CVar [[r.Shadow.MaxResolution:2048]]
[2019.05.17-12.34.18:954][  0]LogConfig: Setting CVar [[r.Shadow.MaxCSMResolution:2048]]
[2019.05.17-12.34.18:954][  0]LogConfig: Setting CVar [[r.Shadow.RadiusThreshold:0.01]]
[2019.05.17-12.34.18:954][  0]LogConfig: Setting CVar [[r.Shadow.DistanceScale:1.0]]
[2019.05.17-12.34.18:954][  0]LogConfig: Setting CVar [[r.Shadow.CSM.TransitionScale:1.0]]
[2019.05.17-12.34.18:954][  0]LogConfig: Setting CVar [[r.Shadow.PreShadowResolutionFactor:1.0]]
[2019.05.17-12.34.18:954][  0]LogConfig: Setting CVar [[r.DistanceFieldShadowing:1]]
[2019.05.17-12.34.18:954][  0]LogConfig: Setting CVar [[r.DistanceFieldAO:1]]
[2019.05.17-12.34.18:954][  0]LogConfig: Setting CVar [[r.AOQuality:2]]
[2019.05.17-12.34.18:954][  0]LogConfig: Setting CVar [[r.VolumetricFog:1]]
[2019.05.17-12.34.18:954][  0]LogConfig: Setting CVar [[r.VolumetricFog.GridPixelSize:8]]
[2019.05.17-12.34.18:954][  0]LogConfig: Setting CVar [[r.VolumetricFog.GridSizeZ:128]]
[2019.05.17-12.34.18:954][  0]LogConfig: Setting CVar [[r.VolumetricFog.HistoryMissSupersampleCount:4]]
[2019.05.17-12.34.18:954][  0]LogConfig: Setting CVar [[r.LightMaxDrawDistanceScale:1]]
[2019.05.17-12.34.18:954][  0]LogConfig: Setting CVar [[r.CapsuleShadows:1]]
[2019.05.17-12.34.18:954][  0]LogConfig: Applying CVar settings from Section [PostProcessQuality@3] File [G:/Github/VrHGame/Saved/Config/Windows/Scalability.ini]
[2019.05.17-12.34.18:954][  0]LogConfig: Setting CVar [[r.MotionBlurQuality:0]]
[2019.05.17-12.34.18:954][  0]LogConfig: Setting CVar [[r.AmbientOcclusionMipLevelFactor:0.4]]
[2019.05.17-12.34.18:954][  0]LogConfig: Setting CVar [[r.AmbientOcclusionMaxQuality:100]]
[2019.05.17-12.34.18:954][  0]LogConfig: Setting CVar [[r.AmbientOcclusionLevels:0]]
[2019.05.17-12.34.18:954][  0]LogConfig: Setting CVar [[r.AmbientOcclusionRadiusScale:1.0]]
[2019.05.17-12.34.18:954][  0]LogConfig: Setting CVar [[r.DepthOfFieldQuality:0]]
[2019.05.17-12.34.18:954][  0]LogConfig: Setting CVar [[r.RenderTargetPoolMin:400]]
[2019.05.17-12.34.18:954][  0]LogConfig: Setting CVar [[r.LensFlareQuality:0]]
[2019.05.17-12.34.18:954][  0]LogConfig: Setting CVar [[r.SceneColorFringeQuality:0]]
[2019.05.17-12.34.18:954][  0]LogConfig: Setting CVar [[r.EyeAdaptationQuality:2]]
[2019.05.17-12.34.18:954][  0]LogConfig: Setting CVar [[r.BloomQuality:1]]
[2019.05.17-12.34.18:954][  0]LogConfig: Setting CVar [[r.FastBlurThreshold:0]]
[2019.05.17-12.34.18:954][  0]LogConfig: Setting CVar [[r.Upscale.Quality:3]]
[2019.05.17-12.34.18:954][  0]LogConfig: Setting CVar [[r.Tonemapper.GrainQuantization:1]]
[2019.05.17-12.34.18:954][  0]LogConfig: Setting CVar [[r.LightShaftQuality:1]]
[2019.05.17-12.34.18:954][  0]LogConfig: Setting CVar [[r.Filter.SizeScale:1]]
[2019.05.17-12.34.18:954][  0]LogConfig: Setting CVar [[r.Tonemapper.Quality:5]]
[2019.05.17-12.34.18:954][  0]LogConfig: Setting CVar [[r.DOF.Gather.AccumulatorQuality:1        ; higher gathering accumulator quality]]
[2019.05.17-12.34.18:955][  0]LogConfig: Setting CVar [[r.DOF.Gather.PostfilterMethod:1          ; Median3x3 postfilering method]]
[2019.05.17-12.34.18:955][  0]LogConfig: Setting CVar [[r.DOF.Gather.EnableBokehSettings:0       ; no bokeh simulation when gathering]]
[2019.05.17-12.34.18:955][  0]LogConfig: Setting CVar [[r.DOF.Gather.RingCount:4                 ; medium number of samples when gathering]]
[2019.05.17-12.34.18:955][  0]LogConfig: Setting CVar [[r.DOF.Scatter.ForegroundCompositing:1    ; additive foreground scattering]]
[2019.05.17-12.34.18:955][  0]LogConfig: Setting CVar [[r.DOF.Scatter.BackgroundCompositing:2    ; additive background scattering]]
[2019.05.17-12.34.18:955][  0]LogConfig: Setting CVar [[r.DOF.Scatter.EnableBokehSettings:1      ; bokeh simulation when scattering]]
[2019.05.17-12.34.18:955][  0]LogConfig: Setting CVar [[r.DOF.Scatter.MaxSpriteRatio:0.1         ; only a maximum of 10% of scattered bokeh]]
[2019.05.17-12.34.18:955][  0]LogConfig: Setting CVar [[r.DOF.Recombine.Quality:1                ; cheap slight out of focus]]
[2019.05.17-12.34.18:955][  0]LogConfig: Setting CVar [[r.DOF.Recombine.EnableBokehSettings:0    ; no bokeh simulation on slight out of focus]]
[2019.05.17-12.34.18:955][  0]LogConfig: Setting CVar [[r.DOF.TemporalAAQuality:1                ; more stable temporal accumulation]]
[2019.05.17-12.34.18:955][  0]LogConfig: Setting CVar [[r.DOF.Kernel.MaxForegroundRadius:0.025]]
[2019.05.17-12.34.18:955][  0]LogConfig: Setting CVar [[r.DOF.Kernel.MaxBackgroundRadius:0.025]]
[2019.05.17-12.34.18:955][  0]LogConfig: Applying CVar settings from Section [TextureQuality@3] File [G:/Github/VrHGame/Saved/Config/Windows/Scalability.ini]
[2019.05.17-12.34.18:955][  0]LogConfig: Setting CVar [[r.Streaming.MipBias:0]]
[2019.05.17-12.34.18:955][  0]LogConfig: Setting CVar [[r.Streaming.AmortizeCPUToGPUCopy:0]]
[2019.05.17-12.34.18:955][  0]LogConfig: Setting CVar [[r.Streaming.MaxNumTexturesToStreamPerFrame:0]]
[2019.05.17-12.34.18:955][  0]LogConfig: Setting CVar [[r.Streaming.Boost:1]]
[2019.05.17-12.34.18:955][  0]LogConfig: Setting CVar [[r.MaxAnisotropy:8]]
[2019.05.17-12.34.18:955][  0]LogConfig: Setting CVar [[r.Streaming.LimitPoolSizeToVRAM:0]]
[2019.05.17-12.34.18:955][  0]LogConfig: Setting CVar [[r.Streaming.PoolSize:1000]]
[2019.05.17-12.34.18:955][  0]LogConfig: Setting CVar [[r.Streaming.MaxEffectiveScreenSize:0]]
[2019.05.17-12.34.18:955][  0]LogConfig: Applying CVar settings from Section [EffectsQuality@3] File [G:/Github/VrHGame/Saved/Config/Windows/Scalability.ini]
[2019.05.17-12.34.18:955][  0]LogConfig: Setting CVar [[r.TranslucencyLightingVolumeDim:4]]
[2019.05.17-12.34.18:955][  0]LogConfig: Setting CVar [[r.RefractionQuality:2]]
[2019.05.17-12.34.18:955][  0]LogConfig: Setting CVar [[r.SSR.Quality:0]]
[2019.05.17-12.34.18:955][  0]LogConfig: Setting CVar [[r.SceneColorFormat:2]]
[2019.05.17-12.34.18:955][  0]LogConfig: Setting CVar [[r.DetailMode:2]]
[2019.05.17-12.34.18:955][  0]LogConfig: Setting CVar [[r.TranslucencyVolumeBlur:0]]
[2019.05.17-12.34.18:955][  0]LogConfig: Setting CVar [[r.MaterialQualityLevel:1 ; High quality]]
[2019.05.17-12.34.18:955][  0]LogConfig: Setting CVar [[r.SSS.Scale:1]]
[2019.05.17-12.34.18:955][  0]LogConfig: Setting CVar [[r.SSS.SampleSet:2]]
[2019.05.17-12.34.18:955][  0]LogConfig: Setting CVar [[r.SSS.Quality:1]]
[2019.05.17-12.34.18:955][  0]LogConfig: Setting CVar [[r.SSS.HalfRes:1]]
[2019.05.17-12.34.18:955][  0]LogConfig: Setting CVar [[r.EmitterSpawnRateScale:1.0]]
[2019.05.17-12.34.18:955][  0]LogConfig: Setting CVar [[r.ParticleLightQuality:2]]
[2019.05.17-12.34.18:955][  0]LogConfig: Applying CVar settings from Section [FoliageQuality@3] File [G:/Github/VrHGame/Saved/Config/Windows/Scalability.ini]
[2019.05.17-12.34.18:955][  0]LogConfig: Setting CVar [[foliage.DensityScale:1.0]]
[2019.05.17-12.34.18:955][  0]LogConfig: Setting CVar [[grass.DensityScale:1.0]]
[2019.05.17-12.34.18:956][  0]LogInit: Selected Device Profile: [Windows]
[2019.05.17-12.34.18:956][  0]LogInit: Applying CVar settings loaded from the selected device profile: [Windows]
[2019.05.17-12.34.18:990][  0]LogHAL: Display: Platform has ~ 16 GB [17075625984 / 17179869184 / 16], which maps to Larger [LargestMinGB=32, LargerMinGB=12, DefaultMinGB=8, SmallerMinGB=6, SmallestMinGB=0)
[2019.05.17-12.34.18:990][  0]LogConfig: Setting CVar [[r.Vulkan.UseRealUBs:1]]
[2019.05.17-12.34.18:990][  0]LogInit: Going up to parent DeviceProfile []
[2019.05.17-12.34.18:990][  0]LogConfig: Applying CVar settings from Section [ViewDistanceQuality@3] File [G:/Github/VrHGame/Saved/Config/Windows/Scalability.ini]
[2019.05.17-12.34.18:990][  0]LogConfig: Setting CVar [[r.SkeletalMeshLODBias:0]]
[2019.05.17-12.34.18:990][  0]LogConfig: Setting CVar [[r.ViewDistanceScale:1.0]]
[2019.05.17-12.34.18:990][  0]LogConfig: Applying CVar settings from Section [AntiAliasingQuality@3] File [G:/Github/VrHGame/Saved/Config/Windows/Scalability.ini]
[2019.05.17-12.34.18:990][  0]LogConfig: Setting CVar [[r.PostProcessAAQuality:3]]
[2019.05.17-12.34.18:990][  0]LogConfig: Applying CVar settings from Section [ShadowQuality@3] File [G:/Github/VrHGame/Saved/Config/Windows/Scalability.ini]
[2019.05.17-12.34.18:990][  0]LogConfig: Setting CVar [[r.LightFunctionQuality:1]]
[2019.05.17-12.34.18:990][  0]LogConfig: Setting CVar [[r.ShadowQuality:5]]
[2019.05.17-12.34.18:990][  0]LogConfig: Setting CVar [[r.Shadow.CSM.MaxCascades:10]]
[2019.05.17-12.34.18:990][  0]LogConfig: Setting CVar [[r.Shadow.MaxResolution:2048]]
[2019.05.17-12.34.18:990][  0]LogConfig: Setting CVar [[r.Shadow.MaxCSMResolution:2048]]
[2019.05.17-12.34.18:990][  0]LogConfig: Setting CVar [[r.Shadow.RadiusThreshold:0.01]]
[2019.05.17-12.34.18:991][  0]LogConfig: Setting CVar [[r.Shadow.DistanceScale:1.0]]
[2019.05.17-12.34.18:991][  0]LogConfig: Setting CVar [[r.Shadow.CSM.TransitionScale:1.0]]
[2019.05.17-12.34.18:991][  0]LogConfig: Setting CVar [[r.Shadow.PreShadowResolutionFactor:1.0]]
[2019.05.17-12.34.18:991][  0]LogConfig: Setting CVar [[r.DistanceFieldShadowing:1]]
[2019.05.17-12.34.18:991][  0]LogConfig: Setting CVar [[r.DistanceFieldAO:1]]
[2019.05.17-12.34.18:991][  0]LogConfig: Setting CVar [[r.AOQuality:2]]
[2019.05.17-12.34.18:991][  0]LogConfig: Setting CVar [[r.VolumetricFog:1]]
[2019.05.17-12.34.18:991][  0]LogConfig: Setting CVar [[r.VolumetricFog.GridPixelSize:8]]
[2019.05.17-12.34.18:991][  0]LogConfig: Setting CVar [[r.VolumetricFog.GridSizeZ:128]]
[2019.05.17-12.34.18:991][  0]LogConfig: Setting CVar [[r.VolumetricFog.HistoryMissSupersampleCount:4]]
[2019.05.17-12.34.18:991][  0]LogConfig: Setting CVar [[r.LightMaxDrawDistanceScale:1]]
[2019.05.17-12.34.18:991][  0]LogConfig: Setting CVar [[r.CapsuleShadows:1]]
[2019.05.17-12.34.18:991][  0]LogConfig: Applying CVar settings from Section [PostProcessQuality@3] File [G:/Github/VrHGame/Saved/Config/Windows/Scalability.ini]
[2019.05.17-12.34.18:991][  0]LogConfig: Setting CVar [[r.MotionBlurQuality:0]]
[2019.05.17-12.34.18:991][  0]LogConfig: Setting CVar [[r.AmbientOcclusionMipLevelFactor:0.4]]
[2019.05.17-12.34.18:991][  0]LogConfig: Setting CVar [[r.AmbientOcclusionMaxQuality:100]]
[2019.05.17-12.34.18:991][  0]LogConfig: Setting CVar [[r.AmbientOcclusionLevels:0]]
[2019.05.17-12.34.18:991][  0]LogConfig: Setting CVar [[r.AmbientOcclusionRadiusScale:1.0]]
[2019.05.17-12.34.18:991][  0]LogConfig: Setting CVar [[r.DepthOfFieldQuality:0]]
[2019.05.17-12.34.18:991][  0]LogConfig: Setting CVar [[r.RenderTargetPoolMin:400]]
[2019.05.17-12.34.18:991][  0]LogConfig: Setting CVar [[r.LensFlareQuality:0]]
[2019.05.17-12.34.18:991][  0]LogConfig: Setting CVar [[r.SceneColorFringeQuality:0]]
[2019.05.17-12.34.18:991][  0]LogConfig: Setting CVar [[r.EyeAdaptationQuality:2]]
[2019.05.17-12.34.18:991][  0]LogConfig: Setting CVar [[r.BloomQuality:1]]
[2019.05.17-12.34.18:991][  0]LogConfig: Setting CVar [[r.FastBlurThreshold:0]]
[2019.05.17-12.34.18:991][  0]LogConfig: Setting CVar [[r.Upscale.Quality:3]]
[2019.05.17-12.34.18:991][  0]LogConfig: Setting CVar [[r.Tonemapper.GrainQuantization:1]]
[2019.05.17-12.34.18:991][  0]LogConfig: Setting CVar [[r.LightShaftQuality:1]]
[2019.05.17-12.34.18:991][  0]LogConfig: Setting CVar [[r.Filter.SizeScale:1]]
[2019.05.17-12.34.18:991][  0]LogConfig: Setting CVar [[r.Tonemapper.Quality:5]]
[2019.05.17-12.34.18:991][  0]LogConfig: Setting CVar [[r.DOF.Gather.AccumulatorQuality:1        ; higher gathering accumulator quality]]
[2019.05.17-12.34.18:991][  0]LogConfig: Setting CVar [[r.DOF.Gather.PostfilterMethod:1          ; Median3x3 postfilering method]]
[2019.05.17-12.34.18:991][  0]LogConfig: Setting CVar [[r.DOF.Gather.EnableBokehSettings:0       ; no bokeh simulation when gathering]]
[2019.05.17-12.34.18:991][  0]LogConfig: Setting CVar [[r.DOF.Gather.RingCount:4                 ; medium number of samples when gathering]]
[2019.05.17-12.34.18:991][  0]LogConfig: Setting CVar [[r.DOF.Scatter.ForegroundCompositing:1    ; additive foreground scattering]]
[2019.05.17-12.34.18:991][  0]LogConfig: Setting CVar [[r.DOF.Scatter.BackgroundCompositing:2    ; additive background scattering]]
[2019.05.17-12.34.18:991][  0]LogConfig: Setting CVar [[r.DOF.Scatter.EnableBokehSettings:1      ; bokeh simulation when scattering]]
[2019.05.17-12.34.18:991][  0]LogConfig: Setting CVar [[r.DOF.Scatter.MaxSpriteRatio:0.1         ; only a maximum of 10% of scattered bokeh]]
[2019.05.17-12.34.18:991][  0]LogConfig: Setting CVar [[r.DOF.Recombine.Quality:1                ; cheap slight out of focus]]
[2019.05.17-12.34.18:991][  0]LogConfig: Setting CVar [[r.DOF.Recombine.EnableBokehSettings:0    ; no bokeh simulation on slight out of focus]]
[2019.05.17-12.34.18:991][  0]LogConfig: Setting CVar [[r.DOF.TemporalAAQuality:1                ; more stable temporal accumulation]]
[2019.05.17-12.34.18:991][  0]LogConfig: Setting CVar [[r.DOF.Kernel.MaxForegroundRadius:0.025]]
[2019.05.17-12.34.18:991][  0]LogConfig: Setting CVar [[r.DOF.Kernel.MaxBackgroundRadius:0.025]]
[2019.05.17-12.34.18:991][  0]LogConfig: Applying CVar settings from Section [TextureQuality@3] File [G:/Github/VrHGame/Saved/Config/Windows/Scalability.ini]
[2019.05.17-12.34.18:991][  0]LogConfig: Setting CVar [[r.Streaming.MipBias:0]]
[2019.05.17-12.34.18:991][  0]LogConfig: Setting CVar [[r.Streaming.AmortizeCPUToGPUCopy:0]]
[2019.05.17-12.34.18:991][  0]LogConfig: Setting CVar [[r.Streaming.MaxNumTexturesToStreamPerFrame:0]]
[2019.05.17-12.34.18:991][  0]LogConfig: Setting CVar [[r.Streaming.Boost:1]]
[2019.05.17-12.34.18:991][  0]LogConfig: Setting CVar [[r.MaxAnisotropy:8]]
[2019.05.17-12.34.18:991][  0]LogConfig: Setting CVar [[r.Streaming.LimitPoolSizeToVRAM:0]]
[2019.05.17-12.34.18:991][  0]LogConfig: Setting CVar [[r.Streaming.PoolSize:1000]]
[2019.05.17-12.34.18:991][  0]LogConfig: Setting CVar [[r.Streaming.MaxEffectiveScreenSize:0]]
[2019.05.17-12.34.18:991][  0]LogConfig: Applying CVar settings from Section [EffectsQuality@3] File [G:/Github/VrHGame/Saved/Config/Windows/Scalability.ini]
[2019.05.17-12.34.18:991][  0]LogConfig: Setting CVar [[r.TranslucencyLightingVolumeDim:4]]
[2019.05.17-12.34.18:993][  0]LogConfig: Setting CVar [[r.RefractionQuality:2]]
[2019.05.17-12.34.18:993][  0]LogConfig: Setting CVar [[r.SSR.Quality:0]]
[2019.05.17-12.34.18:993][  0]LogConfig: Setting CVar [[r.SceneColorFormat:2]]
[2019.05.17-12.34.18:993][  0]LogConfig: Setting CVar [[r.DetailMode:2]]
[2019.05.17-12.34.18:993][  0]LogConfig: Setting CVar [[r.TranslucencyVolumeBlur:0]]
[2019.05.17-12.34.18:993][  0]LogConfig: Setting CVar [[r.MaterialQualityLevel:1 ; High quality]]
[2019.05.17-12.34.18:993][  0]LogConfig: Setting CVar [[r.SSS.Scale:1]]
[2019.05.17-12.34.18:993][  0]LogConfig: Setting CVar [[r.SSS.SampleSet:2]]
[2019.05.17-12.34.18:993][  0]LogConfig: Setting CVar [[r.SSS.Quality:1]]
[2019.05.17-12.34.18:993][  0]LogConfig: Setting CVar [[r.SSS.HalfRes:1]]
[2019.05.17-12.34.18:993][  0]LogConfig: Setting CVar [[r.EmitterSpawnRateScale:1.0]]
[2019.05.17-12.34.18:993][  0]LogConfig: Setting CVar [[r.ParticleLightQuality:2]]
[2019.05.17-12.34.18:993][  0]LogConfig: Applying CVar settings from Section [FoliageQuality@3] File [G:/Github/VrHGame/Saved/Config/Windows/Scalability.ini]
[2019.05.17-12.34.18:993][  0]LogConfig: Setting CVar [[foliage.DensityScale:1.0]]
[2019.05.17-12.34.18:993][  0]LogConfig: Setting CVar [[grass.DensityScale:1.0]]
[2019.05.17-12.34.18:993][  0]LogConfig: Applying CVar settings from Section [Startup] File [../../../Engine/Config/ConsoleVariables.ini]
[2019.05.17-12.34.18:998][  0]LogConfig: Setting CVar [[net.UseAdaptiveNetUpdateFrequency:0]]
[2019.05.17-12.34.18:998][  0]LogConfig: Applying CVar settings from Section [ConsoleVariables] File [G:/Github/VrHGame/Saved/Config/Windows/Engine.ini]
[2019.05.17-12.34.19:000][  0]LogInit: Computer: ANTICKEV-PC
[2019.05.17-12.34.19:000][  0]LogInit: User: AnticKev
[2019.05.17-12.34.19:000][  0]LogInit: CPU Page size=4096, Cores=4
[2019.05.17-12.34.19:000][  0]LogInit: High frequency timer resolution =10.000000 MHz
[2019.05.17-12.34.19:000][  0]LogMemory: Memory total: Physical=15.9GB (16GB approx)
[2019.05.17-12.34.19:000][  0]LogMemory: Platform Memory Stats for Windows
[2019.05.17-12.34.19:000][  0]LogMemory: Process Physical Memory: 108.29 MB used, 108.29 MB peak
[2019.05.17-12.34.19:000][  0]LogMemory: Process Virtual Memory: 97.85 MB used, 97.85 MB peak
[2019.05.17-12.34.19:000][  0]LogMemory: Physical Memory: 8208.73 MB used,  8075.86 MB free, 16284.59 MB total
[2019.05.17-12.34.19:000][  0]LogMemory: Virtual Memory: 4675.83 MB used,  134213056.00 MB free, 134217728.00 MB total
[2019.05.17-12.34.19:284][  0]LogInit: Using OS detected language (en-GB).
[2019.05.17-12.34.19:284][  0]LogInit: Using OS detected locale (en-GB).
[2019.05.17-12.34.19:287][  0]LogTextLocalizationManager: No specific localization for 'en-GB' exists, so the 'en' localization will be used.
[2019.05.17-12.34.19:899][  0]LogStreaming: Display: Took  0.615s to InitEngineTextLocalization.
[2019.05.17-12.34.19:900][  0]LogInit: Setting process to per monitor DPI aware
[2019.05.17-12.34.20:064][  0]LogSlate: New Slate User Created.  User Index 0, Is Virtual User: 0
[2019.05.17-12.34.20:064][  0]LogSlate: Slate User Registered.  User Index 0, Is Virtual User: 0
[2019.05.17-12.34.22:970][  0]LogHMD: Failed to initialize OpenVR with code 126
[2019.05.17-12.34.22:970][  0]LogD3D11RHI: D3D11 adapters:
[2019.05.17-12.34.23:143][  0]LogD3D11RHI:    0. 'NVIDIA GeForce GTX 970' (Feature Level 11_0)
[2019.05.17-12.34.23:143][  0]LogD3D11RHI:       4043/0/8142 MB DedicatedVideo/DedicatedSystem/SharedSystem, Outputs:4, VendorId:0x10de
[2019.05.17-12.34.23:146][  0]LogD3D11RHI:    1. 'Microsoft Basic Render Driver' (Feature Level 11_0)
[2019.05.17-12.34.23:146][  0]LogD3D11RHI:       0/0/8142 MB DedicatedVideo/DedicatedSystem/SharedSystem, Outputs:0, VendorId:0x1414
[2019.05.17-12.34.23:146][  0]LogD3D11RHI: Chosen D3D11 Adapter: 0
[2019.05.17-12.34.23:164][  0]LogD3D11RHI: Creating new Direct3DDevice
[2019.05.17-12.34.23:164][  0]LogD3D11RHI:     GPU DeviceId: 0x13c2 (for the marketing name, search the web for "GPU Device Id")
[2019.05.17-12.34.23:164][  0]LogWindows: EnumDisplayDevices:
[2019.05.17-12.34.23:164][  0]LogWindows:    0. 'NVIDIA GeForce GTX 970' (P:1 D:1)
[2019.05.17-12.34.23:164][  0]LogWindows:    1. 'NVIDIA GeForce GTX 970' (P:0 D:1)
[2019.05.17-12.34.23:165][  0]LogWindows:    2. 'NVIDIA GeForce GTX 970' (P:0 D:1)
[2019.05.17-12.34.23:165][  0]LogWindows:    3. 'NVIDIA GeForce GTX 970' (P:0 D:1)
[2019.05.17-12.34.23:165][  0]LogWindows: DebugString: FoundDriverCount:4 
[2019.05.17-12.34.23:165][  0]LogD3D11RHI:     Adapter Name: NVIDIA GeForce GTX 970
[2019.05.17-12.34.23:166][  0]LogD3D11RHI:   Driver Version: 416.34 (internal:25.21.14.1634, unified:416.34)
[2019.05.17-12.34.23:166][  0]LogD3D11RHI:      Driver Date: 10-10-2018
[2019.05.17-12.34.23:166][  0]LogRHI: Texture pool is 2830 MB (70% of 4043 MB)
[2019.05.17-12.34.23:235][  0]LogD3D11RHI: Async texture creation enabled
[2019.05.17-12.34.23:269][  0]LogD3D11RHI: GPU Timing Frequency: 1000.000000 (Debug: 2 2)
[2019.05.17-12.34.24:215][  0]LogTemp: Display: Loaded TP AllDesktopTargetPlatform
[2019.05.17-12.34.24:251][  0]LogTemp: Display: Loaded TP MacClientTargetPlatform
[2019.05.17-12.34.24:291][  0]LogTemp: Display: Loaded TP MacNoEditorTargetPlatform
[2019.05.17-12.34.24:325][  0]LogTemp: Display: Loaded TP MacServerTargetPlatform
[2019.05.17-12.34.24:363][  0]LogTemp: Display: Loaded TP MacTargetPlatform
[2019.05.17-12.34.24:401][  0]LogTemp: Display: Loaded TP WindowsClientTargetPlatform
[2019.05.17-12.34.24:455][  0]LogTemp: Display: Loaded TP WindowsNoEditorTargetPlatform
[2019.05.17-12.34.24:495][  0]LogTemp: Display: Loaded TP WindowsServerTargetPlatform
[2019.05.17-12.34.24:520][  0]LogTemp: Display: Loaded TP WindowsTargetPlatform
[2019.05.17-12.34.24:659][  0]LogTemp: Display: Loaded TP AndroidTargetPlatform
[2019.05.17-12.34.24:659][  0]LogTemp: Display: Loaded TP AndroidTargetPlatform
[2019.05.17-12.34.24:659][  0]LogTemp: Display: Loaded TP AndroidTargetPlatform
[2019.05.17-12.34.24:659][  0]LogTemp: Display: Loaded TP AndroidTargetPlatform
[2019.05.17-12.34.24:659][  0]LogTemp: Display: Loaded TP AndroidTargetPlatform
[2019.05.17-12.34.24:659][  0]LogTemp: Display: Loaded TP AndroidTargetPlatform
[2019.05.17-12.34.24:659][  0]LogTemp: Display: Loaded TP AndroidTargetPlatform
[2019.05.17-12.34.24:659][  0]LogTemp: Display: Loaded TP AndroidTargetPlatform
[2019.05.17-12.34.24:659][  0]LogTemp: Display: Loaded TP AndroidTargetPlatform
[2019.05.17-12.34.24:659][  0]LogTemp: Display: Loaded TP AndroidTargetPlatform
[2019.05.17-12.34.24:659][  0]LogTemp: Display: Loaded TP AndroidTargetPlatform
[2019.05.17-12.34.24:660][  0]LogTemp: Display: Loaded TP AndroidTargetPlatform
[2019.05.17-12.34.24:660][  0]LogTemp: Display: Loaded TP AndroidTargetPlatform
[2019.05.17-12.34.24:660][  0]LogTemp: Display: Loaded TP AndroidTargetPlatform
[2019.05.17-12.34.24:660][  0]LogTemp: Display: Loaded TP AndroidTargetPlatform
[2019.05.17-12.34.24:660][  0]LogTemp: Display: Loaded TP AndroidTargetPlatform
[2019.05.17-12.34.24:660][  0]LogTemp: Display: Loaded TP AndroidTargetPlatform
[2019.05.17-12.34.24:660][  0]LogTemp: Display: Loaded TP AndroidTargetPlatform
[2019.05.17-12.34.24:676][  0]LogTemp: Display: Loaded TP HTML5TargetPlatform
[2019.05.17-12.34.24:803][  0]LogTemp: Display: Loaded TP IOSTargetPlatform
[2019.05.17-12.34.24:803][  0]LogTemp: Display: Loaded TP IOSTargetPlatform
[2019.05.17-12.34.24:852][  0]LogTemp: Display: Loaded TP TVOSTargetPlatform
[2019.05.17-12.34.24:852][  0]LogTemp: Display: Loaded TP TVOSTargetPlatform
[2019.05.17-12.34.24:887][  0]LogTemp: Display: Loaded TP LinuxClientTargetPlatform
[2019.05.17-12.34.24:923][  0]LogTemp: Display: Loaded TP LinuxNoEditorTargetPlatform
[2019.05.17-12.34.24:957][  0]LogTemp: Display: Loaded TP LinuxServerTargetPlatform
[2019.05.17-12.34.25:008][  0]LogTemp: Display: Loaded TP LinuxTargetPlatform
[2019.05.17-12.34.25:094][  0]LogTemp: Display: Loaded TP LuminTargetPlatform
[2019.05.17-12.34.25:094][  0]LogTemp: Display: Loaded TP LuminTargetPlatform
[2019.05.17-12.34.25:094][  0]LogTargetPlatformManager: Display: Building Assets For Windows
[2019.05.17-12.34.25:547][  0]LogShaderCompilers: Guid format shader working directory is 21 characters bigger than the processId version (../../../../../Github/VrHGame/Intermediate/Shaders/WorkingDirectory/5984/).
[2019.05.17-12.34.25:547][  0]LogShaderCompilers: Cleaned the shader compiler working directory 'C:/Users/Antic Kev/AppData/Local/Temp/UnrealShaderWorkingDir/DBB9778040F5426C9ED4F7893CF14AD3/'.
[2019.05.17-12.34.25:550][  0]LogXGEController: Cleaning working directory: C:/Users/Antic Kev/AppData/Local/Temp/UnrealXGEWorkingDir/
[2019.05.17-12.34.25:551][  0]LogXGEController: Cannot use XGE Controller as Incredibuild is not installed on this machine.
[2019.05.17-12.34.25:551][  0]LogShaderCompilers: Cannot use XGE Shader Compiler as Incredibuild is not installed on this machine.
[2019.05.17-12.34.25:551][  0]LogShaderCompilers: Display: Using Local Shader Compiler.
[2019.05.17-12.34.28:264][  0]LogDerivedDataCache: Display: Max Cache Size: 512 MB
[2019.05.17-12.34.28:496][  0]LogDerivedDataCache: Loaded boot cache 0.23s 72MB C:/Users/Antic Kev/AppData/Local/UnrealEngine/4.21/DerivedDataCache/Boot.ddc.
[2019.05.17-12.34.28:496][  0]LogDerivedDataCache: Display: Loaded Boot cache: C:/Users/Antic Kev/AppData/Local/UnrealEngine/4.21/DerivedDataCache/Boot.ddc
[2019.05.17-12.34.28:497][  0]LogDerivedDataCache: FDerivedDataBackendGraph:  Pak pak cache file ../../../../../Github/VrHGame/DerivedDataCache/DDC.ddp not found, will not use a pak cache.
[2019.05.17-12.34.28:497][  0]LogDerivedDataCache: Unable to find inner node Pak for hierarchical cache Hierarchy.
[2019.05.17-12.34.28:497][  0]LogDerivedDataCache: FDerivedDataBackendGraph:  CompressedPak pak cache file ../../../../../Github/VrHGame/DerivedDataCache/Compressed.ddp not found, will not use a pak cache.
[2019.05.17-12.34.28:497][  0]LogDerivedDataCache: Unable to find inner node CompressedPak for hierarchical cache Hierarchy.
[2019.05.17-12.34.28:533][  0]LogDerivedDataCache: Display: Pak cache opened for reading ../../../Engine/DerivedDataCache/Compressed.ddp.
[2019.05.17-12.34.28:534][  0]LogDerivedDataCache: FDerivedDataBackendGraph:  EnterprisePak pak cache file ../../../Enterprise/DerivedDataCache/Compressed.ddp not found, will not use a pak cache.
[2019.05.17-12.34.28:534][  0]LogDerivedDataCache: Unable to find inner node EnterprisePak for hierarchical cache Hierarchy.
[2019.05.17-12.34.28:547][  0]LogDerivedDataCache: Using Local data cache path C:/Users/Antic Kev/AppData/Local/UnrealEngine/Common/DerivedDataCache: Writable
[2019.05.17-12.34.28:547][  0]LogDerivedDataCache: Shared data cache path not found in *engine.ini, will not use an Shared cache.
[2019.05.17-12.34.28:547][  0]LogDerivedDataCache: Unable to find inner node Shared for hierarchical cache Hierarchy.
[2019.05.17-12.34.28:584][  0]LogMaterial: Verifying Global Shaders for PCD3D_SM5
[2019.05.17-12.34.28:591][  0]LogSlate: Using FreeType 2.6.0
[2019.05.17-12.34.28:608][  0]LogSlate: SlateFontServices - WITH_FREETYPE: 1, WITH_HARFBUZZ: 1
[2019.05.17-12.34.28:989][  0]LogAssetRegistry: FAssetRegistry took 0.0408 seconds to start up
[2019.05.17-12.34.29:597][  0]LogInit: Selected Device Profile: [Windows]
[2019.05.17-12.34.30:155][  0]LogSimplygon: Simplygon DLL not present - disabling.
[2019.05.17-12.34.30:209][  0]LogMeshReduction: Using SimplygonSwarm for distributed automatic mesh merging
[2019.05.17-12.34.30:210][  0]LogMeshReduction: Using ProxyLODMeshReduction for automatic mesh merging
[2019.05.17-12.34.30:211][  0]LogMeshReduction: Using QuadricMeshReduction for automatic static mesh reduction
[2019.05.17-12.34.30:211][  0]LogMeshReduction: No automatic skeletal mesh reduction module available
[2019.05.17-12.34.30:273][  0]LogNetVersion: VrHGame 1.0.0, NetCL: 4541578, EngineNetVer: 5, GameNetVer: 0 (Checksum: 3804620918)
[2019.05.17-12.34.31:891][  0]LogPackageLocalizationCache: Processed 11 localized package path(s) for 2 prioritized culture(s) in 0.135175 seconds
[2019.05.17-12.34.31:899][  0]LogUObjectArray: 39775 objects as part of root set at end of initial load.
[2019.05.17-12.34.31:899][  0]LogUObjectAllocator: 6914656 out of 0 bytes used by permanent object pool.
[2019.05.17-12.34.31:899][  0]LogUObjectArray: CloseDisregardForGC: 0/0 objects in disregard for GC pool
[2019.05.17-12.34.36:945][  0]LogTcpMessaging: Initializing TcpMessaging bridge
[2019.05.17-12.34.36:978][  0]LogUdpMessaging: Initializing bridge on interface 0.0.0.0:0 to multicast group 230.0.0.1:6666.
[2019.05.17-12.34.38:403][  0]SourceControl: Source control is disabled
[2019.05.17-12.34.38:403][  0]SourceControl: Source control is disabled
[2019.05.17-12.34.38:433][  0]SourceControl: Source control is disabled
[2019.05.17-12.34.38:453][  0]SourceControl: Source control is disabled
[2019.05.17-12.34.39:319][  0]LogAndroidPermission: UAndroidPermissionCallbackProxy::GetInstance
[2019.05.17-12.34.39:995][  0]LogOcInput: OculusInput pre-init called
[2019.05.17-12.34.40:317][  0]LogEngine: Initializing Engine...
[2019.05.17-12.34.40:355][  0]LogHMD: Failed to initialize OpenVR with code 126
[2019.05.17-12.34.40:359][  0]LogStats: UGameplayTagsManager::ConstructGameplayTagTree: ImportINI prefixes -  0.000 s
[2019.05.17-12.34.40:359][  0]LogStats: UGameplayTagsManager::ConstructGameplayTagTree: Construct from data asset -  0.000 s
[2019.05.17-12.34.40:359][  0]LogStats: UGameplayTagsManager::ConstructGameplayTagTree: ImportINI -  0.000 s
[2019.05.17-12.34.40:359][  0]LogStats: UGameplayTagsManager::ConstructGameplayTagTree: GameplayTagTreeChangedEvent.Broadcast -  0.000 s
[2019.05.17-12.34.40:875][  0]LogInit: Initializing FReadOnlyCVARCache
[2019.05.17-12.34.40:947][  0]LogAIModule: Creating AISystem for world Untitled
[2019.05.17-12.34.41:194][  0]LogInit: XAudio2 using 'Speakers (Realtek High Definition Audio)' : 2 channels at 48 kHz using 32 bits per sample (channel mask 0x3)
[2019.05.17-12.34.41:362][  0]LogInit: FAudioDevice initialized.
[2019.05.17-12.34.41:362][  0]LogNetVersion: Set ProjectVersion to 1.0.0.0. Version Checksum will be recalculated on next use.
[2019.05.17-12.34.41:472][  0]LogDerivedDataCache: Saved boot cache 0.11s 72MB C:/Users/Antic Kev/AppData/Local/UnrealEngine/4.21/DerivedDataCache/Boot.ddc.
[2019.05.17-12.34.41:498][  0]LogInit: Texture streaming: Enabled
[2019.05.17-12.34.41:582][  0]LogEngineSessionManager: EngineSessionManager initialized
[2019.05.17-12.34.41:629][  0]LogInit: Transaction tracking system initialized
[2019.05.17-12.34.41:761][  0]BlueprintLog: New page: Editor Load
[2019.05.17-12.34.42:324][  0]LocalizationService: Localization service is disabled
[2019.05.17-12.34.43:928][  0]LogCook: Display: Max memory allowance for cook 16384mb min free memory 0mb
[2019.05.17-12.34.43:928][  0]LogCook: Display: Mobile HDR setting 1
[2019.05.17-12.34.43:928][  0]LogGameplayTags: Display: UGameplayTagsManager::DoneAddingNativeTags. DelegateIsBound: 0
[2019.05.17-12.34.43:928][  0]LogStats: UGameplayTagsManager::ConstructGameplayTagTree: ImportINI prefixes -  0.000 s
[2019.05.17-12.34.43:928][  0]LogStats: UGameplayTagsManager::ConstructGameplayTagTree: Construct from data asset -  0.000 s
[2019.05.17-12.34.43:928][  0]LogStats: UGameplayTagsManager::ConstructGameplayTagTree: ImportINI -  0.000 s
[2019.05.17-12.34.43:929][  0]LogStats: UGameplayTagsManager::ConstructGameplayTagTree: GameplayTagTreeChangedEvent.Broadcast -  0.000 s
[2019.05.17-12.34.44:781][  0]LogFileCache: Scanning file cache for directory 'G:/Github/VrHGame/Content/' took 0.13s
[2019.05.17-12.34.44:781][  0]SourceControl: Source control is disabled
[2019.05.17-12.34.44:783][  0]Cmd: MAP LOAD FILE="../../../../../Github/VrHGame/Content/VirtualRealityBP/Maps/StartupMap.umap" TEMPLATE=0 SHOWPROGRESS=1 FEATURELEVEL=3
[2019.05.17-12.34.44:792][  0]LightingResults: New page: Lighting Build
[2019.05.17-12.34.44:805][  0]MapCheck: New page: Map Check
[2019.05.17-12.34.44:805][  0]LightingResults: New page: Lighting Build
[2019.05.17-12.34.45:210][  0]LogAIModule: Creating AISystem for world StartupMap
[2019.05.17-12.34.45:242][  0]LogEditorServer: Finished looking for orphan Actors (0.000 secs)
[2019.05.17-12.34.45:368][  0]Cmd: MAP CHECKDEP NOCLEARLOG
[2019.05.17-12.34.45:368][  0]MapCheck: Map check complete: 0 Error(s), 0 Warning(s), took 0.134ms to complete.
[2019.05.17-12.34.45:368][  0]LogFileHelpers: Loading map 'StartupMap' took 0.587
[2019.05.17-12.34.45:588][  0]LogSlate: Updating window title bar state: overlay mode, drag disabled, window buttons hidden, title bar hidden
[2019.05.17-12.34.45:598][  0]LogSlate: Updating window title bar state: overlay mode, drag disabled, window buttons hidden, title bar hidden
[2019.05.17-12.34.45:608][  0]LogSlate: Updating window title bar state: overlay mode, drag disabled, window buttons hidden, title bar hidden
[2019.05.17-12.34.45:618][  0]LogSlate: Updating window title bar state: overlay mode, drag disabled, window buttons hidden, title bar hidden
[2019.05.17-12.34.45:739][  0]LogCollectionManager: Loaded 0 collections in 0.002129 seconds
[2019.05.17-12.34.45:776][  0]LogFileCache: Scanning file cache for directory 'G:/Github/VrHGame/Saved/Collections/' took 0.01s
[2019.05.17-12.34.45:776][  0]LogFileCache: Scanning file cache for directory 'G:/Github/VrHGame/Content/Developers/AnticKev/Collections/' took 0.00s
[2019.05.17-12.34.45:776][  0]LogFileCache: Scanning file cache for directory 'G:/Github/VrHGame/Content/Collections/' took 0.01s
[2019.05.17-12.34.45:777][  0]LogCollectionManager: Rebuilt the GUID cache for 0 collections in 0.000000 seconds
[2019.05.17-12.34.45:791][  0]LogContentBrowser: Native class hierarchy populated in 0.0144 seconds. Added 2651 classes and 620 folders.
[2019.05.17-12.34.45:801][  0]LogContentBrowser: Native class hierarchy updated for 'WidgetCarousel' in 0.0003 seconds. Added 0 classes and 0 folders.
[2019.05.17-12.34.45:815][  0]LogPakFile: Registered encryption key '00000000000000000000000000000000': 0 pak files mounted, 0 remain pending
[2019.05.17-12.34.45:824][  0]LogPakFile: Registered encryption key '00000000000000000000000000000000': 0 pak files mounted, 0 remain pending
[2019.05.17-12.34.45:844][  0]LogPakFile: Registered encryption key '00000000000000000000000000000000': 0 pak files mounted, 0 remain pending
[2019.05.17-12.34.45:851][  0]LogPakFile: Registered encryption key '00000000000000000000000000000000': 0 pak files mounted, 0 remain pending
[2019.05.17-12.34.45:858][  0]LogPakFile: Registered encryption key '00000000000000000000000000000000': 0 pak files mounted, 0 remain pending
[2019.05.17-12.34.45:864][  0]LogPakFile: Registered encryption key '00000000000000000000000000000000': 0 pak files mounted, 0 remain pending
[2019.05.17-12.34.45:872][  0]LogPakFile: Registered encryption key '00000000000000000000000000000000': 0 pak files mounted, 0 remain pending
[2019.05.17-12.34.45:879][  0]LogPakFile: Registered encryption key '00000000000000000000000000000000': 0 pak files mounted, 0 remain pending
[2019.05.17-12.34.45:887][  0]LogPakFile: Registered encryption key '00000000000000000000000000000000': 0 pak files mounted, 0 remain pending
[2019.05.17-12.34.45:896][  0]LogPakFile: Registered encryption key '00000000000000000000000000000000': 0 pak files mounted, 0 remain pending
[2019.05.17-12.34.45:904][  0]LogPakFile: Registered encryption key '00000000000000000000000000000000': 0 pak files mounted, 0 remain pending
[2019.05.17-12.34.45:913][  0]LogPakFile: Registered encryption key '00000000000000000000000000000000': 0 pak files mounted, 0 remain pending
[2019.05.17-12.34.45:921][  0]LogPakFile: Registered encryption key '00000000000000000000000000000000': 0 pak files mounted, 0 remain pending
[2019.05.17-12.34.45:929][  0]LogPakFile: Registered encryption key '00000000000000000000000000000000': 0 pak files mounted, 0 remain pending
[2019.05.17-12.34.45:937][  0]LogPakFile: Registered encryption key '00000000000000000000000000000000': 0 pak files mounted, 0 remain pending
[2019.05.17-12.34.45:944][  0]LogPakFile: Registered encryption key '00000000000000000000000000000000': 0 pak files mounted, 0 remain pending
[2019.05.17-12.34.45:974][  0]LogPakFile: Registered encryption key '00000000000000000000000000000000': 0 pak files mounted, 0 remain pending
[2019.05.17-12.34.45:981][  0]LogPakFile: Registered encryption key '00000000000000000000000000000000': 0 pak files mounted, 0 remain pending
[2019.05.17-12.34.45:989][  0]LogPakFile: Registered encryption key '00000000000000000000000000000000': 0 pak files mounted, 0 remain pending
[2019.05.17-12.34.45:997][  0]LogPakFile: Registered encryption key '00000000000000000000000000000000': 0 pak files mounted, 0 remain pending
[2019.05.17-12.34.46:031][  0]LogPakFile: Registered encryption key '00000000000000000000000000000000': 0 pak files mounted, 0 remain pending
[2019.05.17-12.34.46:039][  0]LogPakFile: Registered encryption key '00000000000000000000000000000000': 0 pak files mounted, 0 remain pending
[2019.05.17-12.34.46:047][  0]LogPakFile: Registered encryption key '00000000000000000000000000000000': 0 pak files mounted, 0 remain pending
[2019.05.17-12.34.46:057][  0]LogPakFile: Registered encryption key '00000000000000000000000000000000': 0 pak files mounted, 0 remain pending
[2019.05.17-12.34.46:067][  0]LogPakFile: Registered encryption key '00000000000000000000000000000000': 0 pak files mounted, 0 remain pending
[2019.05.17-12.34.46:075][  0]LogPakFile: Registered encryption key '00000000000000000000000000000000': 0 pak files mounted, 0 remain pending
[2019.05.17-12.34.46:300][  0]LogContentBrowser: Native class hierarchy updated for 'AddContentDialog' in 0.0003 seconds. Added 0 classes and 0 folders.
[2019.05.17-12.34.46:331][  0]LogContentBrowser: Native class hierarchy updated for 'SceneOutliner' in 0.0004 seconds. Added 1 classes and 2 folders.
[2019.05.17-12.34.46:443][  0]LogSlate: Took 0.007709 seconds to synchronously load lazily loaded font '../../../Engine/Content/Slate/Fonts/Roboto-Regular.ttf' (155K)
[2019.05.17-12.34.46:456][  0]LogSlate: Took 0.007058 seconds to synchronously load lazily loaded font '../../../Engine/Content/Slate/Fonts/Roboto-Bold.ttf' (160K)
[2019.05.17-12.34.46:469][  0]LogSlate: Took 0.007648 seconds to synchronously load lazily loaded font '../../../Engine/Content/Editor/Slate/Fonts/FontAwesome.ttf' (139K)
[2019.05.17-12.34.46:588][  0]LogRenderer: Reallocating scene render targets to support 1916x924 Format 26 NumSamples 1 (Frame:1).
[2019.05.17-12.34.46:882][  0]LogContentBrowser: Native class hierarchy updated for 'HierarchicalLODOutliner' in 0.0003 seconds. Added 0 classes and 0 folders.
[2019.05.17-12.34.46:882][  0]LogLoad: (Engine Initialization) Total time: 35.50 seconds
[2019.05.17-12.34.46:882][  0]LogLoad: (Engine Initialization) Total Blueprint compile time: 0.00 seconds
[2019.05.17-12.34.46:975][  0]LogContentStreaming: Texture pool size now 1000 MB
[2019.05.17-12.34.47:039][  0]LogSlate: Took 0.007072 seconds to synchronously load lazily loaded font '../../../Engine/Content/Slate/Fonts/Roboto-Light.ttf' (167K)
[2019.05.17-12.34.47:129][  1]LogAssetRegistry: Asset discovery search completed in 18.1628 seconds
[2019.05.17-12.34.47:131][  1]LogCollectionManager: Rebuilt the object cache for 0 collections in 0.000000 seconds (found 0 objects)
[2019.05.17-12.34.47:131][  1]LogCollectionManager: Fixed up redirectors for 0 collections in 0.000093 seconds (updated 0 objects)
[2019.05.17-12.34.48:436][  5]LogSlate: Took 0.000201 seconds to synchronously load lazily loaded font '../../../Engine/Content/Slate/Fonts/Roboto-Light.ttf' (167K)
[2019.05.17-12.34.57:126][ 31]LogFileCache: Retrieving MD5 hashes for directory 'G:/Github/VrHGame/Content/' took 10.21s
[2019.05.17-12.35.31:475][308]LogSlate: FSceneViewport::OnFocusLost() reason 0
[2019.05.17-12.35.31:525][314]LogSlate: Window 'Message Log' being destroyed
[2019.05.17-12.35.31:534][314]LogSlate: Window 'Message Log' being destroyed
[2019.05.17-12.35.32:582][431]LogSlate: FSceneViewport::OnFocusLost() reason 0
[2019.05.17-13.10.41:372][972]LogBlueprint: Warning: [Compiler PersistentLevel.FirstPersonExampleMap] Could not find a variable named "Shut?" in 'FirstPersonExampleMap'.
Make sure 'FirstPersonExampleMap' has been compiled for  Set Shut?
[2019.05.17-13.10.41:372][972]LogBlueprint: Warning: [Compiler PersistentLevel.FirstPersonExampleMap] Could not find a variable named "Shut?" in 'FirstPersonExampleMap'.
Make sure 'FirstPersonExampleMap' has been compiled for  Set Shut?
[2019.05.17-13.10.41:372][972]LogBlueprint: Warning: [Compiler PersistentLevel.FirstPersonExampleMap] OnActorBeginOverlap (None)  is referencing an Actor that no longer exists. Attached logic will never execute.
[2019.05.17-13.10.41:373][972]LogBlueprint: Warning: [Compiler PersistentLevel.FirstPersonExampleMap] OnActorBeginOverlap (None)  is referencing an Actor that no longer exists. Attached logic will never execute.
[2019.05.17-13.10.41:373][972]LogBlueprint: Warning: [Compiler PersistentLevel.FirstPersonExampleMap] OnActorBeginOverlap (None)  is referencing an Actor that no longer exists. Attached logic will never execute.
[2019.05.17-13.10.41:374][972]LogBlueprint: Error: [Compiler PersistentLevel.FirstPersonExampleMap] This blueprint (self) is not compatible with ' Target ', therefore that pin must have a connection.
[2019.05.17-13.10.41:374][972]LogBlueprint: Error: [Compiler PersistentLevel.FirstPersonExampleMap] This blueprint (self) is not compatible with ' Target ', therefore that pin must have a connection.
[2019.05.17-13.10.41:375][972]LogBlueprint: Error: [Compiler PersistentLevel.FirstPersonExampleMap] The property associated with  Shut?  could not be found in '/Game/StarterContent/Maps/FirstPersonExampleMap.FirstPersonExampleMap_C'
[2019.05.17-13.10.41:376][972]LogBlueprint: Error: [Compiler PersistentLevel.FirstPersonExampleMap] The property associated with  Shut?  could not be found in '/Game/StarterContent/Maps/FirstPersonExampleMap.FirstPersonExampleMap_C'
[2019.05.17-13.10.41:377][972]LogBlueprint: Warning: [Compiler PersistentLevel.FirstPersonExampleMap] [2189.99] Compile of PersistentLevel.FirstPersonExampleMap failed. 4 Fatal Issue(s) 5 Warning(s) [in 14 ms] (/Game/StarterContent/Maps/FirstPersonExampleMap.FirstPersonExampleMap:PersistentLevel.FirstPersonExampleMap)
[2019.05.17-13.10.45:520][972]LogAIModule: Creating AISystem for world FirstPersonExampleMap
[2019.05.17-13.10.45:596][972]LogAssetEditorManager: Opening Asset editor for World /Game/StarterContent/Maps/FirstPersonExampleMap.FirstPersonExampleMap
[2019.05.17-13.10.45:710][972]Cmd: MAP LOAD FILE="../../../../../Github/VrHGame/Content/StarterContent/Maps/FirstPersonExampleMap.umap" TEMPLATE=0 SHOWPROGRESS=1 FEATURELEVEL=3
[2019.05.17-13.10.45:710][972]LightingResults: New page: Lighting Build
[2019.05.17-13.10.45:711][972]LoadErrors: New page: Loading map: FirstPersonExampleMap.umap
[2019.05.17-13.10.45:715][972]MapCheck: New page: Map Check
[2019.05.17-13.10.45:715][972]LightingResults: New page: Lighting Build
[2019.05.17-13.10.45:882][972]LogEditorServer: Finished looking for orphan Actors (0.000 secs)
[2019.05.17-13.10.46:051][972]Cmd: MAP CHECKDEP NOCLEARLOG
[2019.05.17-13.10.46:054][972]MapCheck: Map check complete: 0 Error(s), 0 Warning(s), took 2.983ms to complete.
[2019.05.17-13.10.46:054][972]LogFileHelpers: Loading map 'FirstPersonExampleMap' took 0.346
[2019.05.17-13.10.47:196][974]LogSlate: FSceneViewport::OnFocusLost() reason 0
[2019.05.17-13.11.24:164][142]LogSlate: FSceneViewport::OnFocusLost() reason 0
[2019.05.17-13.16.56:280][884]LogEditorViewport: Clicking on Actor (LMB): StaticMeshActor (desk_A2)
[2019.05.17-13.16.57:337][911]LogSlate: FSceneViewport::OnFocusLost() reason 2
[2019.05.17-13.16.57:559][911]LogBlueprint: Warning: [Compiler PersistentLevel.FirstPersonExampleMap] Could not find a variable named "Shut?" in 'FirstPersonExampleMap'.
Make sure 'FirstPersonExampleMap' has been compiled for  Set Shut?
[2019.05.17-13.16.57:559][911]LogBlueprint: Warning: [Compiler PersistentLevel.FirstPersonExampleMap] Could not find a variable named "Shut?" in 'FirstPersonExampleMap'.
Make sure 'FirstPersonExampleMap' has been compiled for  Set Shut?
[2019.05.17-13.16.57:559][911]LogBlueprint: Warning: [Compiler PersistentLevel.FirstPersonExampleMap] OnActorBeginOverlap (None)  is referencing an Actor that no longer exists. Attached logic will never execute.
[2019.05.17-13.16.57:559][911]LogBlueprint: Warning: [Compiler PersistentLevel.FirstPersonExampleMap] OnActorBeginOverlap (None)  is referencing an Actor that no longer exists. Attached logic will never execute.
[2019.05.17-13.16.57:559][911]LogBlueprint: Warning: [Compiler PersistentLevel.FirstPersonExampleMap] OnActorBeginOverlap (None)  is referencing an Actor that no longer exists. Attached logic will never execute.
[2019.05.17-13.16.57:560][911]LogBlueprint: Error: [Compiler PersistentLevel.FirstPersonExampleMap] This blueprint (self) is not compatible with ' Target ', therefore that pin must have a connection.
[2019.05.17-13.16.57:560][911]LogBlueprint: Error: [Compiler PersistentLevel.FirstPersonExampleMap] This blueprint (self) is not compatible with ' Target ', therefore that pin must have a connection.
[2019.05.17-13.16.57:562][911]LogBlueprint: Error: [Compiler PersistentLevel.FirstPersonExampleMap] The property associated with  Shut?  could not be found in '/Game/StarterContent/Maps/FirstPersonExampleMap.FirstPersonExampleMap_C'
[2019.05.17-13.16.57:562][911]LogBlueprint: Error: [Compiler PersistentLevel.FirstPersonExampleMap] The property associated with  Shut?  could not be found in '/Game/StarterContent/Maps/FirstPersonExampleMap.FirstPersonExampleMap_C'
[2019.05.17-13.16.57:563][911]LogBlueprint: Warning: [Compiler PersistentLevel.FirstPersonExampleMap] [2566.18] Compile of PersistentLevel.FirstPersonExampleMap failed. 4 Fatal Issue(s) 5 Warning(s) [in 39 ms] (/Game/StarterContent/Maps/FirstPersonExampleMap.FirstPersonExampleMap:PersistentLevel.FirstPersonExampleMap)
[2019.05.17-13.16.59:013][911]LogSavePackage: Moving '../../../../../Github/VrHGame/Saved/FirstPersonExampleMap1969A1A349F843B5E504659785FD4E62.tmp' to '../../../../../Github/VrHGame/Content/StarterContent/Maps/FirstPersonExampleMap.umap'
[2019.05.17-13.17.04:033][240]LogSlate: FSceneViewport::OnFocusLost() reason 0
[2019.05.17-13.17.04:329][244]LogSlate: Window 'Content Browser 2' being destroyed
[2019.05.17-13.17.04:368][244]LogSlate: Window 'VrHGame - Unreal Editor' being destroyed
[2019.05.17-13.17.04:371][244]LogWindowsTextInputMethodSystem: Display: IME system now deactivated.
[2019.05.17-13.17.04:721][245]Cmd: QUIT_EDITOR
[2019.05.17-13.17.04:777][245]LogExit: Preparing to exit.
[2019.05.17-13.17.05:484][245]LogExit: Editor shut down
[2019.05.17-13.17.05:485][245]LogExit: Transaction tracking system shut down
[2019.05.17-13.17.05:810][245]LogExit: Object subsystem successfully closed.
[2019.05.17-13.17.05:846][245]LogShaderCompilers: Display: Shaders left to compile 0
[2019.05.17-13.17.05:852][245]LogD3D11RHI: Shutdown
[2019.05.17-13.17.05:853][245]LogD3D11RHI: CleanupD3DDevice
[2019.05.17-13.17.05:862][245]LogD3D11RHI: ~FD3D11DynamicRHI
[2019.05.17-13.17.05:903][245]LogModuleManager: Shutting down and abandoning module HierarchicalLODOutliner (622)
[2019.05.17-13.17.05:903][245]LogModuleManager: Shutting down and abandoning module SceneOutliner (620)
[2019.05.17-13.17.05:904][245]LogModuleManager: Shutting down and abandoning module AddContentDialog (618)
[2019.05.17-13.17.05:907][245]LogModuleManager: Shutting down and abandoning module WidgetCarousel (617)
[2019.05.17-13.17.05:907][245]LogModuleManager: Shutting down and abandoning module EditorWidgets (614)
[2019.05.17-13.17.05:907][245]LogModuleManager: Shutting down and abandoning module CollectionManager (612)
[2019.05.17-13.17.05:908][245]LogModuleManager: Shutting down and abandoning module StatsViewer (610)
[2019.05.17-13.17.05:908][245]LogModuleManager: Shutting down and abandoning module FoliageEdit (608)
[2019.05.17-13.17.05:908][245]LogModuleManager: Shutting down and abandoning module LandscapeEditor (606)
[2019.05.17-13.17.05:910][245]LogModuleManager: Shutting down and abandoning module MeshPaintMode (604)
[2019.05.17-13.17.05:910][245]LogModuleManager: Shutting down and abandoning module SceneDepthPickerMode (602)
[2019.05.17-13.17.05:910][245]LogModuleManager: Shutting down and abandoning module ActorPickerMode (600)
[2019.05.17-13.17.05:910][245]LogModuleManager: Shutting down and abandoning module GeometryMode (598)
[2019.05.17-13.17.05:910][245]LogModuleManager: Shutting down and abandoning module TextureAlignMode (596)
[2019.05.17-13.17.05:910][245]LogModuleManager: Shutting down and abandoning module BspMode (594)
[2019.05.17-13.17.05:910][245]LogModuleManager: Shutting down and abandoning module PIEPreviewDeviceProfileSelector (592)
[2019.05.17-13.17.05:910][245]LogModuleManager: Shutting down and abandoning module SequenceRecorderSections (590)
[2019.05.17-13.17.05:911][245]LogModuleManager: Shutting down and abandoning module AutomationWorker (588)
[2019.05.17-13.17.05:911][245]LogModuleManager: Shutting down and abandoning module AudioCaptureEditor (586)
[2019.05.17-13.17.05:911][245]LogModuleManager: Shutting down and abandoning module MatineeToLevelSequence (584)
[2019.05.17-13.17.05:911][245]LogModuleManager: Shutting down and abandoning module LevelSequenceEditor (582)
[2019.05.17-13.17.05:912][245]LogModuleManager: Shutting down and abandoning module PlacementMode (581)
[2019.05.17-13.17.05:912][245]LogModuleManager: Shutting down and abandoning module MaterialEditor (580)
[2019.05.17-13.17.05:913][245]LogModuleManager: Shutting down and abandoning module WmfMediaFactory (576)
[2019.05.17-13.17.05:913][245]LogModuleManager: Shutting down and abandoning module WmfMediaEditor (574)
[2019.05.17-13.17.05:913][245]LogModuleManager: Shutting down and abandoning module WebMMediaFactory (572)
[2019.05.17-13.17.05:913][245]LogModuleManager: Shutting down and abandoning module WebMMediaEditor (570)
[2019.05.17-13.17.05:913][245]LogModuleManager: Shutting down and abandoning module WebMMedia (568)
[2019.05.17-13.17.05:913][245]LogModuleManager: Shutting down and abandoning module MediaPlayerEditor (566)
[2019.05.17-13.17.05:913][245]LogModuleManager: Shutting down and abandoning module MediaCompositingEditor (564)
[2019.05.17-13.17.05:913][245]LogModuleManager: Shutting down and abandoning module SequenceRecorder (563)
[2019.05.17-13.17.05:913][245]LogModuleManager: Shutting down and abandoning module OpenExrWrapper (560)
[2019.05.17-13.17.05:913][245]LogModuleManager: Shutting down and abandoning module ImgMediaFactory (558)
[2019.05.17-13.17.05:913][245]LogModuleManager: Shutting down and abandoning module ImgMediaEditor (556)
[2019.05.17-13.17.05:913][245]LogModuleManager: Shutting down and abandoning module AvfMediaFactory (554)
[2019.05.17-13.17.05:913][245]LogModuleManager: Shutting down and abandoning module AvfMediaEditor (552)
[2019.05.17-13.17.05:913][245]LogModuleManager: Shutting down and abandoning module AndroidMediaFactory (550)
[2019.05.17-13.17.05:913][245]LogModuleManager: Shutting down and abandoning module AndroidMediaEditor (548)
[2019.05.17-13.17.05:913][245]LogModuleManager: Shutting down and abandoning module MagicLeapCameraPreviewFactory (546)
[2019.05.17-13.17.05:913][245]LogModuleManager: Shutting down and abandoning module MagicLeapMediaFactory (544)
[2019.05.17-13.17.05:913][245]LogModuleManager: Shutting down and abandoning module MagicLeapMediaEditor (542)
[2019.05.17-13.17.05:913][245]LogModuleManager: Shutting down and abandoning module CharacterAI (540)
[2019.05.17-13.17.05:913][245]LogModuleManager: Shutting down and abandoning module SmartSnapping (538)
[2019.05.17-13.17.05:913][245]LogModuleManager: Shutting down and abandoning module SessionServices (536)
[2019.05.17-13.17.05:913][245]LogModuleManager: Shutting down and abandoning module ViewportSnapping (534)
[2019.05.17-13.17.05:913][245]LogModuleManager: Shutting down and abandoning module ViewportInteraction (532)
[2019.05.17-13.17.05:914][245]LogModuleManager: Shutting down and abandoning module ClothPainter (530)
[2019.05.17-13.17.05:914][245]LogModuleManager: Shutting down and abandoning module SkeletalMeshEditor (529)
[2019.05.17-13.17.05:915][245]LogModuleManager: Shutting down and abandoning module LogVisualizer (526)
[2019.05.17-13.17.05:916][245]LogModuleManager: Shutting down and abandoning module IntroTutorials (524)
[2019.05.17-13.17.05:916][245]LogModuleManager: Shutting down and abandoning module GameProjectGeneration (523)
[2019.05.17-13.17.05:916][245]LogModuleManager: Shutting down and abandoning module LuminPlatformEditor (520)
[2019.05.17-13.17.05:916][245]LogModuleManager: Shutting down and abandoning module IOSPlatformEditor (518)
[2019.05.17-13.17.05:916][245]LogModuleManager: Shutting down and abandoning module HTML5PlatformEditor (516)
[2019.05.17-13.17.05:916][245]LogModuleManager: Shutting down and abandoning module AndroidPlatformEditor (514)
[2019.05.17-13.17.05:916][245]LogModuleManager: Shutting down and abandoning module AndroidDeviceDetection (513)
[2019.05.17-13.17.06:954][245]LogModuleManager: Shutting down and abandoning module WindowsPlatformEditor (510)
[2019.05.17-13.17.06:954][245]LogModuleManager: Shutting down and abandoning module LuminRuntimeSettings (508)
[2019.05.17-13.17.06:954][245]LogModuleManager: Shutting down and abandoning module IOSRuntimeSettings (506)
[2019.05.17-13.17.06:954][245]LogModuleManager: Shutting down and abandoning module AndroidRuntimeSettings (504)
[2019.05.17-13.17.06:954][245]LogModuleManager: Shutting down and abandoning module TimeManagementEditor (502)
[2019.05.17-13.17.06:954][245]LogModuleManager: Shutting down and abandoning module InputBindingEditor (500)
[2019.05.17-13.17.06:961][245]LogModuleManager: Shutting down and abandoning module MergeActors (498)
[2019.05.17-13.17.06:961][245]LogModuleManager: Shutting down and abandoning module LocalizationDashboard (496)
[2019.05.17-13.17.06:961][245]LogModuleManager: Shutting down and abandoning module LocalizationService (495)
[2019.05.17-13.17.06:961][245]LogModuleManager: Shutting down and abandoning module HardwareTargeting (492)
[2019.05.17-13.17.06:961][245]LogModuleManager: Shutting down and abandoning module DeviceProfileEditor (490)
[2019.05.17-13.17.06:961][245]LogModuleManager: Shutting down and abandoning module UndoHistory (488)
[2019.05.17-13.17.06:961][245]LogModuleManager: Shutting down and abandoning module XmlParser (486)
[2019.05.17-13.17.06:961][245]LogModuleManager: Shutting down and abandoning module Blutility (484)
[2019.05.17-13.17.06:961][245]LogModuleManager: Shutting down and abandoning module ProjectSettingsViewer (482)
[2019.05.17-13.17.06:962][245]LogModuleManager: Shutting down and abandoning module ProjectTargetPlatformEditor (481)
[2019.05.17-13.17.06:962][245]LogModuleManager: Shutting down and abandoning module EditorSettingsViewer (478)
[2019.05.17-13.17.06:962][245]LogModuleManager: Shutting down and abandoning module SettingsEditor (476)
[2019.05.17-13.17.06:963][245]LogModuleManager: Shutting down and abandoning module ProjectLauncher (474)
[2019.05.17-13.17.06:963][245]LogModuleManager: Shutting down and abandoning module SessionFrontend (472)
[2019.05.17-13.17.06:963][245]LogModuleManager: Shutting down and abandoning module ProfilerClient (470)
[2019.05.17-13.17.06:964][245]LogModuleManager: Shutting down and abandoning module DeviceManager (468)
[2019.05.17-13.17.06:964][245]LogModuleManager: Shutting down and abandoning module TargetDeviceServices (467)
[2019.05.17-13.17.07:019][245]LogModuleManager: Shutting down and abandoning module AutomationController (464)
[2019.05.17-13.17.07:019][245]LogModuleManager: Shutting down and abandoning module AutomationWindow (462)
[2019.05.17-13.17.07:019][245]LogModuleManager: Shutting down and abandoning module Layers (460)
[2019.05.17-13.17.07:021][245]LogModuleManager: Shutting down and abandoning module ComponentVisualizers (458)
[2019.05.17-13.17.07:021][245]LogModuleManager: Shutting down and abandoning module DetailCustomizations (456)
[2019.05.17-13.17.07:022][245]LogModuleManager: Shutting down and abandoning module PackagesDialog (454)
[2019.05.17-13.17.07:022][245]LogModuleManager: Shutting down and abandoning module Persona (452)
[2019.05.17-13.17.07:022][245]LogModuleManager: Shutting down and abandoning module AdvancedPreviewScene (451)
[2019.05.17-13.17.07:022][245]LogModuleManager: Shutting down and abandoning module AnimGraph (449)
[2019.05.17-13.17.07:022][245]LogModuleManager: Shutting down and abandoning module Kismet (446)
[2019.05.17-13.17.07:023][245]LogModuleManager: Shutting down and abandoning module GraphEditor (444)
[2019.05.17-13.17.07:027][245]LogModuleManager: Shutting down and abandoning module ClassViewer (442)
[2019.05.17-13.17.07:027][245]LogModuleManager: Shutting down and abandoning module Toolbox (440)
[2019.05.17-13.17.07:027][245]LogModuleManager: Shutting down and abandoning module ModuleUI (438)
[2019.05.17-13.17.07:030][245]LogModuleManager: Shutting down and abandoning module MovieSceneTools (436)
[2019.05.17-13.17.07:030][245]LogModuleManager: Shutting down and abandoning module OutputLog (434)
[2019.05.17-13.17.07:030][245]LogModuleManager: Shutting down and abandoning module GammaUI (432)
[2019.05.17-13.17.07:031][245]LogModuleManager: Shutting down and abandoning module Documentation (430)
[2019.05.17-13.17.07:032][245]LogModuleManager: Shutting down and abandoning module MovieSceneTracks (428)
[2019.05.17-13.17.07:032][245]LogModuleManager: Shutting down and abandoning module MovieScene (426)
[2019.05.17-13.17.07:032][245]LogModuleManager: Shutting down and abandoning module StreamingPauseRendering (424)
[2019.05.17-13.17.07:032][245]LogModuleManager: Shutting down and abandoning module LauncherPlatform (422)
[2019.05.17-13.17.07:032][245]LogModuleManager: Shutting down and abandoning module AnalyticsET (420)
[2019.05.17-13.17.07:032][245]LogModuleManager: Shutting down and abandoning module PortalServices (418)
[2019.05.17-13.17.07:032][245]LogModuleManager: Shutting down and abandoning module PortalRpc (416)
[2019.05.17-13.17.07:032][245]LogModuleManager: Shutting down and abandoning module MessagingRpc (414)
[2019.05.17-13.17.07:033][245]LogModuleManager: Shutting down and abandoning module AIModule (412)
[2019.05.17-13.17.07:033][245]LogModuleManager: Shutting down and abandoning module GameplayDebugger (411)
[2019.05.17-13.17.07:033][245]LogModuleManager: Shutting down and abandoning module AITestSuite (409)
[2019.05.17-13.17.07:033][245]LogModuleManager: Shutting down and abandoning module NavigationSystem (407)
[2019.05.17-13.17.07:033][245]LogModuleManager: Shutting down and abandoning module DesktopPlatform (404)
[2019.05.17-13.17.07:033][245]LogModuleManager: Shutting down and abandoning module ImageWriteQueue (402)
[2019.05.17-13.17.07:039][245]LogModuleManager: Shutting down and abandoning module ProfilerService (400)
[2019.05.17-13.17.07:054][245]LogModuleManager: Shutting down and abandoning module TaskGraph (398)
[2019.05.17-13.17.07:055][245]LogModuleManager: Shutting down and abandoning module SteamVRController (396)
[2019.05.17-13.17.07:055][245]LogModuleManager: Shutting down and abandoning module ProceduralMeshComponentEditor (394)
[2019.05.17-13.17.07:055][245]LogModuleManager: Shutting down and abandoning module ProceduralMeshComponent (392)
[2019.05.17-13.17.07:055][245]LogModuleManager: Shutting down and abandoning module OculusInput (390)
[2019.05.17-13.17.07:055][245]LogModuleManager: Shutting down and abandoning module MobilePatchingUtils (388)
[2019.05.17-13.17.07:055][245]LogModuleManager: Shutting down and abandoning module EditableMesh (386)
[2019.05.17-13.17.07:055][245]LogModuleManager: Shutting down and abandoning module CustomMeshComponent (384)
[2019.05.17-13.17.07:055][245]LogModuleManager: Shutting down and abandoning module CableComponent (382)
[2019.05.17-13.17.07:055][245]LogModuleManager: Shutting down and abandoning module AudioCapture (380)
[2019.05.17-13.17.07:055][245]LogModuleManager: Shutting down and abandoning module ArchVisCharacter (378)
[2019.05.17-13.17.07:055][245]LogModuleManager: Shutting down and abandoning module AndroidPermission (376)
[2019.05.17-13.17.07:055][245]LogModuleManager: Shutting down and abandoning module NUTUnrealEngine4 (374)
[2019.05.17-13.17.07:055][245]LogModuleManager: Shutting down and abandoning module NetcodeUnitTest (372)
[2019.05.17-13.17.07:056][245]LogModuleManager: Shutting down and abandoning module MediaCompositing (370)
[2019.05.17-13.17.07:056][245]LogModuleManager: Shutting down and abandoning module LinearTimecode (368)
[2019.05.17-13.17.07:056][245]LogModuleManager: Shutting down and abandoning module ImgMedia (366)
[2019.05.17-13.17.07:062][245]LogModuleManager: Shutting down and abandoning module HTML5Networking (364)
[2019.05.17-13.17.07:062][245]LogModuleManager: Shutting down and abandoning module GeometryCacheTracks (362)
[2019.05.17-13.17.07:062][245]LogModuleManager: Shutting down and abandoning module GeometryCacheSequencer (360)
[2019.05.17-13.17.07:062][245]LogModuleManager: Shutting down and abandoning module BackChannel (358)
[2019.05.17-13.17.07:063][245]LogModuleManager: Shutting down and abandoning module AppleVision (356)
[2019.05.17-13.17.07:063][245]LogModuleManager: Shutting down and abandoning module AppleImageUtilsBlueprintSupport (354)
[2019.05.17-13.17.07:063][245]LogModuleManager: Shutting down and abandoning module AppleImageUtils (352)
[2019.05.17-13.17.07:063][245]LogModuleManager: Shutting down and abandoning module AlembicImporter (350)
[2019.05.17-13.17.07:063][245]LogModuleManager: Shutting down and abandoning module AlembicLibrary (349)
[2019.05.17-13.17.07:064][245]LogModuleManager: Shutting down and abandoning module GeometryCache (348)
[2019.05.17-13.17.07:064][245]LogModuleManager: Shutting down and abandoning module GeometryCacheEd (347)
[2019.05.17-13.17.07:064][245]LogModuleManager: Shutting down and abandoning module VariantManagerContent (342)
[2019.05.17-13.17.07:064][245]LogModuleManager: Shutting down and abandoning module DatasmithContentEditor (340)
[2019.05.17-13.17.07:065][245]LogModuleManager: Shutting down and abandoning module SpeedTreeImporter (338)
[2019.05.17-13.17.07:065][245]LogModuleManager: Shutting down and abandoning module PluginBrowser (336)
[2019.05.17-13.17.07:068][245]LogModuleManager: Shutting down and abandoning module MobileLauncherProfileWizard (334)
[2019.05.17-13.17.07:069][245]LogModuleManager: Shutting down and abandoning module PolygonModeling (332)
[2019.05.17-13.17.07:069][245]LogModuleManager: Shutting down and abandoning module MeshEditor (330)
[2019.05.17-13.17.07:069][245]LogModuleManager: Shutting down and abandoning module CryptoKeysOpenSSL (328)
[2019.05.17-13.17.07:069][245]LogModuleManager: Shutting down and abandoning module CryptoKeys (326)
[2019.05.17-13.17.07:069][245]LogModuleManager: Shutting down and abandoning module VisualStudioSourceCodeAccess (324)
[2019.05.17-13.17.07:069][245]LogModuleManager: Shutting down and abandoning module VisualStudioCodeSourceCodeAccess (322)
[2019.05.17-13.17.07:069][245]LogModuleManager: Shutting down and abandoning module UObjectPlugin (320)
[2019.05.17-13.17.07:069][245]LogModuleManager: Shutting down and abandoning module SubversionSourceControl (318)
[2019.05.17-13.17.07:069][245]LogModuleManager: Shutting down and abandoning module PerforceSourceControl (316)
[2019.05.17-13.17.07:070][245]LogModuleManager: Shutting down and abandoning module GitSourceControl (314)
[2019.05.17-13.17.07:070][245]LogModuleManager: Shutting down and abandoning module SourceControl (313)
[2019.05.17-13.17.07:070][245]LogModuleManager: Shutting down and abandoning module CLionSourceCodeAccess (310)
[2019.05.17-13.17.07:070][245]LogModuleManager: Shutting down and abandoning module ActorLayerUtilitiesEditor (308)
[2019.05.17-13.17.07:071][245]LogModuleManager: Shutting down and abandoning module ActorLayerUtilities (306)
[2019.05.17-13.17.07:071][245]LogModuleManager: Shutting down and abandoning module LightPropagationVolumeEditor (304)
[2019.05.17-13.17.07:071][245]LogModuleManager: Shutting down and abandoning module PaperTiledImporter (302)
[2019.05.17-13.17.07:071][245]LogModuleManager: Shutting down and abandoning module PaperSpriteSheetImporter (300)
[2019.05.17-13.17.07:071][245]LogModuleManager: Shutting down and abandoning module Paper2DEditor (298)
[2019.05.17-13.17.07:072][245]LogModuleManager: Shutting down and abandoning module MeshPaint (297)
[2019.05.17-13.17.07:072][245]LogModuleManager: Shutting down and abandoning module RuntimePhysXCooking (294)
[2019.05.17-13.17.07:072][245]LogModuleManager: Shutting down and abandoning module PhysXVehiclesEditor (292)
[2019.05.17-13.17.07:072][245]LogModuleManager: Shutting down and abandoning module PhysXVehicles (290)
[2019.05.17-13.17.07:072][245]LogModuleManager: Shutting down and abandoning module OculusEditor (288)
[2019.05.17-13.17.07:073][245]LogModuleManager: Shutting down and abandoning module LocationServicesBPLibrary (286)
[2019.05.17-13.17.07:073][245]LogModuleManager: Shutting down and abandoning module ActorSequence (284)
[2019.05.17-13.17.07:073][245]LogModuleManager: Shutting down and abandoning module UdpMessaging (282)
[2019.05.17-13.17.07:174][245]LogModuleManager: Shutting down and abandoning module TcpMessaging (280)
[2019.05.17-13.17.07:275][245]LogModuleManager: Shutting down and abandoning module MagicLeapAudio (278)
[2019.05.17-13.17.07:275][245]LogModuleManager: Shutting down and abandoning module GameplayTagsEditor (276)
[2019.05.17-13.17.07:278][245]LogModuleManager: Shutting down and abandoning module FacialAnimationEditor (274)
[2019.05.17-13.17.07:278][245]LogModuleManager: Shutting down and abandoning module FacialAnimation (272)
[2019.05.17-13.17.07:278][245]LogModuleManager: Shutting down and abandoning module DataValidation (270)
[2019.05.17-13.17.07:278][245]LogModuleManager: Shutting down and abandoning module AssetManagerEditor (268)
[2019.05.17-13.17.07:279][245]LogModuleManager: Shutting down and abandoning module LevelEditor (267)
[2019.05.17-13.17.07:280][245]LogModuleManager: Shutting down and abandoning module PixelInspectorModule (266)
[2019.05.17-13.17.07:281][245]LogModuleManager: Shutting down and abandoning module CommonMenuExtensions (264)
[2019.05.17-13.17.07:281][245]LogModuleManager: Shutting down and abandoning module MainFrame (262)
[2019.05.17-13.17.07:281][245]LogModuleManager: Shutting down and abandoning module HotReload (261)
[2019.05.17-13.17.07:282][245]LogModuleManager: Shutting down and abandoning module ContentBrowser (257)
[2019.05.17-13.17.07:285][245]LogModuleManager: Shutting down and abandoning module TreeMap (255)
[2019.05.17-13.17.07:285][245]LogModuleManager: Shutting down and abandoning module LightPropagationVolumeRuntime (252)
[2019.05.17-13.17.07:285][245]LogModuleManager: Shutting down and abandoning module AISupportModule (250)
[2019.05.17-13.17.07:285][245]LogModuleManager: Shutting down and abandoning module Paper2D (248)
[2019.05.17-13.17.07:285][245]LogModuleManager: Shutting down and abandoning module WindowsMoviePlayer (246)
[2019.05.17-13.17.07:285][245]LogModuleManager: Shutting down and abandoning module WebMMoviePlayer (244)
[2019.05.17-13.17.07:285][245]LogModuleManager: Shutting down and abandoning module WmfMedia (242)
[2019.05.17-13.17.07:288][245]LogModuleManager: Shutting down and abandoning module Media (241)
[2019.05.17-13.17.07:294][245]LogModuleManager: Shutting down and abandoning module PacketHandler (238)
[2019.05.17-13.17.07:295][245]LogModuleManager: Shutting down and abandoning module ClothingSystemEditor (236)
[2019.05.17-13.17.07:295][245]LogModuleManager: Shutting down and abandoning module ClothingSystemRuntime (234)
[2019.05.17-13.17.07:295][245]LogModuleManager: Shutting down and abandoning module MediaAssets (232)
[2019.05.17-13.17.07:295][245]LogModuleManager: Shutting down and abandoning module Overlay (230)
[2019.05.17-13.17.07:295][245]LogModuleManager: Shutting down and abandoning module OverlayEditor (229)
[2019.05.17-13.17.07:295][245]LogModuleManager: Shutting down and abandoning module VREditor (226)
[2019.05.17-13.17.07:296][245]LogModuleManager: Shutting down and abandoning module StringTableEditor (224)
[2019.05.17-13.17.07:296][245]LogModuleManager: Shutting down and abandoning module GameplayTasksEditor (222)
[2019.05.17-13.17.07:296][245]LogModuleManager: Shutting down and abandoning module BehaviorTreeEditor (220)
[2019.05.17-13.17.07:296][245]LogModuleManager: Shutting down and abandoning module FunctionalTesting (218)
[2019.05.17-13.17.07:297][245]LogModuleManager: Shutting down and abandoning module CollisionAnalyzer (216)
[2019.05.17-13.17.07:297][245]LogModuleManager: Shutting down and abandoning module WorkspaceMenuStructure (215)
[2019.05.17-13.17.07:297][245]LogModuleManager: Shutting down and abandoning module UMG (212)
[2019.05.17-13.17.07:297][245]LogModuleManager: Shutting down and abandoning module UMGEditor (211)
[2019.05.17-13.17.07:298][245]LogModuleManager: Shutting down and abandoning module Sequencer (210)
[2019.05.17-13.17.07:299][245]LogModuleManager: Shutting down and abandoning module MessageLog (207)
[2019.05.17-13.17.07:299][245]LogModuleManager: Shutting down and abandoning module SlateReflector (202)
[2019.05.17-13.17.07:300][245]LogModuleManager: Shutting down and abandoning module Slate (200)
[2019.05.17-13.17.07:301][245]LogModuleManager: Shutting down and abandoning module EditorStyle (198)
[2019.05.17-13.17.07:304][245]LogModuleManager: Shutting down and abandoning module MRMesh (196)
[2019.05.17-13.17.07:304][245]LogModuleManager: Shutting down and abandoning module SourceCodeAccess (194)
[2019.05.17-13.17.07:305][245]LogModuleManager: Shutting down and abandoning module HeadMountedDisplay (192)
[2019.05.17-13.17.07:305][245]LogModuleManager: Shutting down and abandoning module XAudio2 (190)
[2019.05.17-13.17.07:305][245]LogModuleManager: Shutting down and abandoning module Networking (188)
[2019.05.17-13.17.07:305][245]LogModuleManager: Shutting down and abandoning module Core (186)
[2019.05.17-13.17.07:305][245]LogModuleManager: Shutting down and abandoning module LevelSequence (184)
[2019.05.17-13.17.07:305][245]LogModuleManager: Shutting down and abandoning module KismetCompiler (182)
[2019.05.17-13.17.07:305][245]LogModuleManager: Shutting down and abandoning module MeshUtilities (180)
[2019.05.17-13.17.07:305][245]LogModuleManager: Shutting down and abandoning module MeshMergeUtilities (179)
[2019.05.17-13.17.07:305][245]LogModuleManager: Shutting down and abandoning module MeshReductionInterface (178)
[2019.05.17-13.17.07:305][245]LogModuleManager: Shutting down and abandoning module SimplygonSwarm (177)
[2019.05.17-13.17.07:306][245]LogModuleManager: Shutting down and abandoning module ProxyLODMeshReduction (175)
[2019.05.17-13.17.07:307][245]LogModuleManager: Shutting down and abandoning module SimplygonMeshReduction (173)
[2019.05.17-13.17.07:307][245]LogModuleManager: Shutting down and abandoning module QuadricMeshReduction (171)
[2019.05.17-13.17.07:308][245]LogModuleManager: Shutting down and abandoning module MaterialBaking (167)
[2019.05.17-13.17.07:308][245]LogModuleManager: Shutting down and abandoning module DirectoryWatcher (163)
[2019.05.17-13.17.07:308][245]LogModuleManager: Shutting down and abandoning module DerivedDataCache (160)
[2019.05.17-13.17.07:395][245]LogDerivedDataCache: Shutdown
[2019.05.17-13.17.07:395][245]LogModuleManager: Shutting down and abandoning module XGEController (158)
[2019.05.17-13.17.07:396][245]LogXGEController: Cleaning working directory: C:/Users/Antic Kev/AppData/Local/Temp/UnrealXGEWorkingDir/
[2019.05.17-13.17.07:396][245]LogModuleManager: Shutting down and abandoning module TargetPlatform (156)
[2019.05.17-13.17.07:396][245]LogModuleManager: Shutting down and abandoning module VulkanShaderFormat (155)
[2019.05.17-13.17.07:396][245]LogModuleManager: Shutting down and abandoning module ShaderFormatVectorVM (153)
[2019.05.17-13.17.07:397][245]LogModuleManager: Shutting down and abandoning module ShaderFormatOpenGL (151)
[2019.05.17-13.17.07:397][245]LogModuleManager: Shutting down and abandoning module ShaderFormatD3D (149)
[2019.05.17-13.17.07:397][245]LogModuleManager: Shutting down and abandoning module MetalShaderFormat (147)
[2019.05.17-13.17.07:398][245]LogModuleManager: Shutting down and abandoning module TextureFormatUncompressed (145)
[2019.05.17-13.17.07:398][245]LogModuleManager: Shutting down and abandoning module TextureFormatPVR (143)
[2019.05.17-13.17.07:398][245]LogModuleManager: Shutting down and abandoning module TextureFormatDXT (141)
[2019.05.17-13.17.07:398][245]LogModuleManager: Shutting down and abandoning module TextureFormatIntelISPCTexComp (139)
[2019.05.17-13.17.07:398][245]LogModuleManager: Shutting down and abandoning module TextureFormatASTC (137)
[2019.05.17-13.17.07:398][245]LogModuleManager: Shutting down and abandoning module ImageWrapper (136)
[2019.05.17-13.17.07:398][245]LogModuleManager: Shutting down and abandoning module TextureFormatAndroid (133)
[2019.05.17-13.17.07:399][245]LogModuleManager: Shutting down and abandoning module AudioFormatOpus (131)
[2019.05.17-13.17.07:399][245]LogModuleManager: Shutting down and abandoning module AudioFormatOgg (129)
[2019.05.17-13.17.07:399][245]LogModuleManager: Shutting down and abandoning module AudioFormatADPCM (127)
[2019.05.17-13.17.07:399][245]LogModuleManager: Shutting down and abandoning module LuminTargetPlatform (125)
[2019.05.17-13.17.07:409][245]LogModuleManager: Shutting down and abandoning module LinuxTargetPlatform (123)
[2019.05.17-13.17.07:409][245]LogModuleManager: Shutting down and abandoning module LinuxServerTargetPlatform (121)
[2019.05.17-13.17.07:409][245]LogModuleManager: Shutting down and abandoning module LinuxNoEditorTargetPlatform (119)
[2019.05.17-13.17.07:409][245]LogModuleManager: Shutting down and abandoning module LinuxClientTargetPlatform (117)
[2019.05.17-13.17.07:409][245]LogModuleManager: Shutting down and abandoning module TVOSTargetPlatform (115)
[2019.05.17-13.17.07:415][245]LogModuleManager: Shutting down and abandoning module Messaging (113)
[2019.05.17-13.17.07:415][245]LogModuleManager: Shutting down and abandoning module IOSTargetPlatform (111)
[2019.05.17-13.17.07:420][245]LogModuleManager: Shutting down and abandoning module HTML5TargetPlatform (109)
[2019.05.17-13.17.07:420][245]LogModuleManager: Shutting down and abandoning module AndroidTargetPlatform (107)
[2019.05.17-13.17.07:469][245]LogModuleManager: Shutting down and abandoning module WindowsTargetPlatform (105)
[2019.05.17-13.17.07:469][245]LogModuleManager: Shutting down and abandoning module WindowsServerTargetPlatform (103)
[2019.05.17-13.17.07:469][245]LogModuleManager: Shutting down and abandoning module WindowsNoEditorTargetPlatform (101)
[2019.05.17-13.17.07:469][245]LogModuleManager: Shutting down and abandoning module WindowsClientTargetPlatform (99)
[2019.05.17-13.17.07:469][245]LogModuleManager: Shutting down and abandoning module MacTargetPlatform (97)
[2019.05.17-13.17.07:469][245]LogModuleManager: Shutting down and abandoning module MacServerTargetPlatform (95)
[2019.05.17-13.17.07:469][245]LogModuleManager: Shutting down and abandoning module MacNoEditorTargetPlatform (93)
[2019.05.17-13.17.07:470][245]LogModuleManager: Shutting down and abandoning module MacClientTargetPlatform (91)
[2019.05.17-13.17.07:470][245]LogModuleManager: Shutting down and abandoning module AllDesktopTargetPlatform (89)
[2019.05.17-13.17.07:470][245]LogModuleManager: Shutting down and abandoning module InputCore (86)
[2019.05.17-13.17.07:470][245]LogModuleManager: Shutting down and abandoning module Settings (84)
[2019.05.17-13.17.07:470][245]LogModuleManager: Shutting down and abandoning module PhysXCooking (82)
[2019.05.17-13.17.07:470][245]LogModuleManager: Shutting down and abandoning module SteamVR (80)
[2019.05.17-13.17.07:470][245]LogHMD: Freeing OpenVRDLLHandle.
[2019.05.17-13.17.07:470][245]LogModuleManager: Shutting down and abandoning module OculusHMD (78)
[2019.05.17-13.17.07:470][245]LogModuleManager: Shutting down and abandoning module ExampleDeviceProfileSelector (76)
[2019.05.17-13.17.07:470][245]LogModuleManager: Shutting down and abandoning module LauncherChunkInstaller (74)
[2019.05.17-13.17.07:470][245]LogModuleManager: Shutting down and abandoning module OnlineBlueprintSupport (72)
[2019.05.17-13.17.07:470][245]LogModuleManager: Shutting down and abandoning module OnlineSubsystem (68)
[2019.05.17-13.17.07:472][245]LogModuleManager: Shutting down and abandoning module XMPP (63)
[2019.05.17-13.17.07:474][245]LogModuleManager: Shutting down and abandoning module WebSockets (62)
[2019.05.17-13.17.07:489][245]LogModuleManager: Shutting down and abandoning module HTTP (59)
[2019.05.17-13.17.07:489][245]LogHttp: Display: Http module shutting down, but needs to wait on 1 outstanding Http requests:
[2019.05.17-13.17.07:489][245]LogHttp: Display: 	verb=[POST] url=[https://datarouter.ol.epicgames.com/datarouter/api/v1/public/data?SessionID=%7B385A2EE6-4420-6B2C-27AB-198FEC62606A%7D&AppID=UEEditor.Rocket.Release&AppVersion=4.21.2-4753647%2B%2B%2BUE4%2BRelease-4.21&UserID=e3c8028d48ae1be970a4469738a3c3e9%7C24dcc6732c5149b08a6d1972c60bbb76%7C39365e4e-b940-4654-af40-0ff4e38f5750&AppEnvironment=datacollector-binary&UploadType=eteventstream] status=Processing
[2019.05.17-13.17.07:501][245]LogModuleManager: Shutting down and abandoning module SSL (58)
[2019.05.17-13.17.07:503][245]LogModuleManager: Shutting down and abandoning module MagicLeapIdentity (54)
[2019.05.17-13.17.07:504][245]LogModuleManager: Shutting down and abandoning module MagicLeapHelperVulkan (52)
[2019.05.17-13.17.07:504][245]LogModuleManager: Shutting down and abandoning module MagicLeapHelperOpenGL (50)
[2019.05.17-13.17.07:504][245]LogModuleManager: Shutting down and abandoning module MagicLeapSecureStorage (48)
[2019.05.17-13.17.07:504][245]LogModuleManager: Shutting down and abandoning module MagicLeapHandTracking (46)
[2019.05.17-13.17.07:504][245]LogModuleManager: Shutting down and abandoning module MagicLeapEyeTracker (44)
[2019.05.17-13.17.07:504][245]LogModuleManager: Shutting down and abandoning module MagicLeapController (42)
[2019.05.17-13.17.07:504][245]LogSlate: Slate User Destroyed.  User Index 0, Is Virtual User: 0
[2019.05.17-13.17.07:504][245]LogModuleManager: Shutting down and abandoning module MagicLeap (40)
[2019.05.17-13.17.07:504][245]LogModuleManager: Shutting down and abandoning module DatasmithContent (38)
[2019.05.17-13.17.07:505][245]LogModuleManager: Shutting down and abandoning module AnimationModifiers (36)
[2019.05.17-13.17.07:505][245]LogModuleManager: Shutting down and abandoning module PropertyEditor (35)
[2019.05.17-13.17.07:506][245]LogModuleManager: Shutting down and abandoning module AudioEditor (32)
[2019.05.17-13.17.07:506][245]LogModuleManager: Shutting down and abandoning module TextureCompressor (30)
[2019.05.17-13.17.07:507][245]LogModuleManager: Shutting down and abandoning module ShaderCore (28)
[2019.05.17-13.17.07:507][245]LogModuleManager: Shutting down and abandoning module Landscape (26)
[2019.05.17-13.17.07:507][245]LogModuleManager: Shutting down and abandoning module SlateRHIRenderer (24)
[2019.05.17-13.17.07:508][245]LogModuleManager: Shutting down and abandoning module OpenGLDrv (22)
[2019.05.17-13.17.07:508][245]LogModuleManager: Shutting down and abandoning module D3D11RHI (20)
[2019.05.17-13.17.07:508][245]LogModuleManager: Shutting down and abandoning module AnimGraphRuntime (18)
[2019.05.17-13.17.07:508][245]LogModuleManager: Shutting down and abandoning module Renderer (16)
[2019.05.17-13.17.07:508][245]LogModuleManager: Shutting down and abandoning module Engine (14)
[2019.05.17-13.17.07:508][245]LogModuleManager: Shutting down and abandoning module CoreUObject (12)
[2019.05.17-13.17.07:508][245]LogModuleManager: Shutting down and abandoning module NetworkFile (10)
[2019.05.17-13.17.07:509][245]LogModuleManager: Shutting down and abandoning module CookedIterativeFile (8)
[2019.05.17-13.17.07:509][245]LogModuleManager: Shutting down and abandoning module StreamingFile (6)
[2019.05.17-13.17.07:509][245]LogModuleManager: Shutting down and abandoning module SandboxFile (4)
[2019.05.17-13.17.07:509][245]LogModuleManager: Shutting down and abandoning module PakFile (2)
[2019.05.17-13.17.07:521][245]LogExit: Exiting.
[2019.05.17-13.17.07:532][245]Log file closed, 05/17/19 14:17:07
